Analysis & Synthesis report for red
Sun Dec 10 22:15:57 2017
Quartus II 64-Bit Version 13.0.0 Build 156 04/24/2013 SJ Web Edition


---------------------
; Table of Contents ;
---------------------
  1. Legal Notice
  2. Analysis & Synthesis Summary
  3. Analysis & Synthesis Settings
  4. Parallel Compilation
  5. Analysis & Synthesis Source Files Read
  6. Analysis & Synthesis Resource Usage Summary
  7. Analysis & Synthesis Resource Utilization by Entity
  8. User-Specified and Inferred Latches
  9. Registers Removed During Synthesis
 10. General Register Statistics
 11. Inverted Register Statistics
 12. Multiplexer Restructuring Statistics (Restructuring Performed)
 13. Parameter Settings for User Entity Instance: vga:hello
 14. Port Connectivity Checks: "NesPpu:name|NES2C02:The_PPU|TileFetcher:fetchfecth"
 15. Port Connectivity Checks: "NesPpu:name|SN74LS373N:addrLatch"
 16. Port Connectivity Checks: "NesPpu:name"
 17. Elapsed Time Per Partition
 18. Analysis & Synthesis Messages
 19. Analysis & Synthesis Suppressed Messages



----------------
; Legal Notice ;
----------------
Copyright (C) 1991-2013 Altera Corporation
Your use of Altera Corporation's design tools, logic functions 
and other software and tools, and its AMPP partner logic 
functions, and any output files from any of the foregoing 
(including device programming or simulation files), and any 
associated documentation or information are expressly subject 
to the terms and conditions of the Altera Program License 
Subscription Agreement, Altera MegaCore Function License 
Agreement, or other applicable license agreement, including, 
without limitation, that your use is for the sole purpose of 
programming logic devices manufactured by Altera and sold by 
Altera or its authorized distributors.  Please refer to the 
applicable agreement for further details.



+---------------------------------------------------------------------------------+
; Analysis & Synthesis Summary                                                    ;
+------------------------------------+--------------------------------------------+
; Analysis & Synthesis Status        ; Successful - Sun Dec 10 22:15:57 2017      ;
; Quartus II 64-Bit Version          ; 13.0.0 Build 156 04/24/2013 SJ Web Edition ;
; Revision Name                      ; red                                        ;
; Top-level Entity Name              ; red                                        ;
; Family                             ; Cyclone II                                 ;
; Total logic elements               ; 15,551                                     ;
;     Total combinational functions  ; 12,501                                     ;
;     Dedicated logic registers      ; 6,324                                      ;
; Total registers                    ; 6324                                       ;
; Total pins                         ; 48                                         ;
; Total virtual pins                 ; 0                                          ;
; Total memory bits                  ; 0                                          ;
; Embedded Multiplier 9-bit elements ; 0                                          ;
; Total PLLs                         ; 0                                          ;
+------------------------------------+--------------------------------------------+


+----------------------------------------------------------------------------------------------------------------------+
; Analysis & Synthesis Settings                                                                                        ;
+----------------------------------------------------------------------------+--------------------+--------------------+
; Option                                                                     ; Setting            ; Default Value      ;
+----------------------------------------------------------------------------+--------------------+--------------------+
; Device                                                                     ; EP2C20F484C7       ;                    ;
; Top-level entity name                                                      ; red                ; red                ;
; Family name                                                                ; Cyclone II         ; Cyclone IV GX      ;
; Use smart compilation                                                      ; Off                ; Off                ;
; Enable parallel Assembler and TimeQuest Timing Analyzer during compilation ; On                 ; On                 ;
; Enable compact report table                                                ; Off                ; Off                ;
; Restructure Multiplexers                                                   ; Auto               ; Auto               ;
; Create Debugging Nodes for IP Cores                                        ; Off                ; Off                ;
; Preserve fewer node names                                                  ; On                 ; On                 ;
; Disable OpenCore Plus hardware evaluation                                  ; Off                ; Off                ;
; Verilog Version                                                            ; Verilog_2001       ; Verilog_2001       ;
; VHDL Version                                                               ; VHDL_1993          ; VHDL_1993          ;
; State Machine Processing                                                   ; Auto               ; Auto               ;
; Safe State Machine                                                         ; Off                ; Off                ;
; Extract Verilog State Machines                                             ; On                 ; On                 ;
; Extract VHDL State Machines                                                ; On                 ; On                 ;
; Ignore Verilog initial constructs                                          ; Off                ; Off                ;
; Iteration limit for constant Verilog loops                                 ; 5000               ; 5000               ;
; Iteration limit for non-constant Verilog loops                             ; 250                ; 250                ;
; Add Pass-Through Logic to Inferred RAMs                                    ; On                 ; On                 ;
; Infer RAMs from Raw Logic                                                  ; On                 ; On                 ;
; Parallel Synthesis                                                         ; On                 ; On                 ;
; DSP Block Balancing                                                        ; Auto               ; Auto               ;
; NOT Gate Push-Back                                                         ; On                 ; On                 ;
; Power-Up Don't Care                                                        ; On                 ; On                 ;
; Remove Redundant Logic Cells                                               ; Off                ; Off                ;
; Remove Duplicate Registers                                                 ; On                 ; On                 ;
; Ignore CARRY Buffers                                                       ; Off                ; Off                ;
; Ignore CASCADE Buffers                                                     ; Off                ; Off                ;
; Ignore GLOBAL Buffers                                                      ; Off                ; Off                ;
; Ignore ROW GLOBAL Buffers                                                  ; Off                ; Off                ;
; Ignore LCELL Buffers                                                       ; Off                ; Off                ;
; Ignore SOFT Buffers                                                        ; On                 ; On                 ;
; Limit AHDL Integers to 32 Bits                                             ; Off                ; Off                ;
; Optimization Technique                                                     ; Balanced           ; Balanced           ;
; Carry Chain Length                                                         ; 70                 ; 70                 ;
; Auto Carry Chains                                                          ; On                 ; On                 ;
; Auto Open-Drain Pins                                                       ; On                 ; On                 ;
; Perform WYSIWYG Primitive Resynthesis                                      ; Off                ; Off                ;
; Auto ROM Replacement                                                       ; On                 ; On                 ;
; Auto RAM Replacement                                                       ; On                 ; On                 ;
; Auto Shift Register Replacement                                            ; Auto               ; Auto               ;
; Allow Shift Register Merging across Hierarchies                            ; Auto               ; Auto               ;
; Auto Clock Enable Replacement                                              ; On                 ; On                 ;
; Strict RAM Replacement                                                     ; Off                ; Off                ;
; Allow Synchronous Control Signals                                          ; On                 ; On                 ;
; Force Use of Synchronous Clear Signals                                     ; Off                ; Off                ;
; Auto RAM to Logic Cell Conversion                                          ; Off                ; Off                ;
; Auto Resource Sharing                                                      ; Off                ; Off                ;
; Allow Any RAM Size For Recognition                                         ; Off                ; Off                ;
; Allow Any ROM Size For Recognition                                         ; Off                ; Off                ;
; Allow Any Shift Register Size For Recognition                              ; Off                ; Off                ;
; Use LogicLock Constraints during Resource Balancing                        ; On                 ; On                 ;
; Ignore translate_off and synthesis_off directives                          ; Off                ; Off                ;
; Timing-Driven Synthesis                                                    ; Off                ; Off                ;
; Report Parameter Settings                                                  ; On                 ; On                 ;
; Report Source Assignments                                                  ; On                 ; On                 ;
; Report Connectivity Checks                                                 ; On                 ; On                 ;
; Ignore Maximum Fan-Out Assignments                                         ; Off                ; Off                ;
; Synchronization Register Chain Length                                      ; 2                  ; 2                  ;
; PowerPlay Power Optimization                                               ; Normal compilation ; Normal compilation ;
; HDL message level                                                          ; Level2             ; Level2             ;
; Suppress Register Optimization Related Messages                            ; Off                ; Off                ;
; Number of Removed Registers Reported in Synthesis Report                   ; 5000               ; 5000               ;
; Number of Swept Nodes Reported in Synthesis Report                         ; 5000               ; 5000               ;
; Number of Inverted Registers Reported in Synthesis Report                  ; 100                ; 100                ;
; Clock MUX Protection                                                       ; On                 ; On                 ;
; Auto Gated Clock Conversion                                                ; Off                ; Off                ;
; Block Design Naming                                                        ; Auto               ; Auto               ;
; SDC constraint protection                                                  ; Off                ; Off                ;
; Synthesis Effort                                                           ; Auto               ; Auto               ;
; Shift Register Replacement - Allow Asynchronous Clear Signal               ; On                 ; On                 ;
; Pre-Mapping Resynthesis Optimization                                       ; Off                ; Off                ;
; Analysis & Synthesis Message Level                                         ; Medium             ; Medium             ;
; Disable Register Merging Across Hierarchies                                ; Auto               ; Auto               ;
; Resource Aware Inference For Block RAM                                     ; On                 ; On                 ;
; Synthesis Seed                                                             ; 1                  ; 1                  ;
+----------------------------------------------------------------------------+--------------------+--------------------+


Parallel compilation was disabled, but you have multiple processors available. Enable parallel compilation to reduce compilation time.
+-------------------------------------+
; Parallel Compilation                ;
+----------------------------+--------+
; Processors                 ; Number ;
+----------------------------+--------+
; Number detected on machine ; 8      ;
; Maximum allowed            ; 1      ;
+----------------------------+--------+


+----------------------------------------------------------------------------------------------------------------------------------------------+
; Analysis & Synthesis Source Files Read                                                                                                       ;
+----------------------------------+-----------------+------------------------------+------------------------------------------------+---------+
; File Name with User-Entered Path ; Used in Netlist ; File Type                    ; File Name with Absolute Path                   ; Library ;
+----------------------------------+-----------------+------------------------------+------------------------------------------------+---------+
; ../FPGA-Nercu-NES/SN74LS373N.sv  ; yes             ; User SystemVerilog HDL File  ; C:/Hercu-NES/Code/FPGA-Nercu-NES/SN74LS373N.sv ;         ;
; ../FPGA-Nercu-NES/PPU_Module.sv  ; yes             ; User SystemVerilog HDL File  ; C:/Hercu-NES/Code/FPGA-Nercu-NES/PPU_Module.sv ;         ;
; red.sv                           ; yes             ; User SystemVerilog HDL File  ; C:/Hercu-NES/Code/morganGPALDU/red.sv          ;         ;
; nametable2.txt                   ; yes             ; Auto-Found File              ; C:/Hercu-NES/Code/morganGPALDU/nametable2.txt  ;         ;
; chrhexed.txt                     ; yes             ; Auto-Found File              ; C:/Hercu-NES/Code/morganGPALDU/chrhexed.txt    ;         ;
+----------------------------------+-----------------+------------------------------+------------------------------------------------+---------+


+-----------------------------------------------------------+
; Analysis & Synthesis Resource Usage Summary               ;
+---------------------------------------------+-------------+
; Resource                                    ; Usage       ;
+---------------------------------------------+-------------+
; Estimated Total logic elements              ; 15,551      ;
;                                             ;             ;
; Total combinational functions               ; 12501       ;
; Logic element usage by number of LUT inputs ;             ;
;     -- 4 input functions                    ; 8713        ;
;     -- 3 input functions                    ; 445         ;
;     -- <=2 input functions                  ; 3343        ;
;                                             ;             ;
; Logic elements by mode                      ;             ;
;     -- normal mode                          ; 12404       ;
;     -- arithmetic mode                      ; 97          ;
;                                             ;             ;
; Total registers                             ; 6324        ;
;     -- Dedicated logic registers            ; 6324        ;
;     -- I/O registers                        ; 0           ;
;                                             ;             ;
; I/O pins                                    ; 48          ;
; Embedded Multiplier 9-bit elements          ; 0           ;
; Maximum fan-out node                        ; CLOCK_24[0] ;
; Maximum fan-out                             ; 6200        ;
; Total fan-out                               ; 58724       ;
; Average fan-out                             ; 3.11        ;
+---------------------------------------------+-------------+


+-----------------------------------------------------------------------------------------------------------------------------------------------------------------------------------------------------------------------------------------+
; Analysis & Synthesis Resource Utilization by Entity                                                                                                                                                                                     ;
+-----------------------------------+-------------------+--------------+-------------+--------------+---------+-----------+------+--------------+--------------------------------------------------------------------------+--------------+
; Compilation Hierarchy Node        ; LC Combinationals ; LC Registers ; Memory Bits ; DSP Elements ; DSP 9x9 ; DSP 18x18 ; Pins ; Virtual Pins ; Full Hierarchy Name                                                      ; Library Name ;
+-----------------------------------+-------------------+--------------+-------------+--------------+---------+-----------+------+--------------+--------------------------------------------------------------------------+--------------+
; |red                              ; 12501 (16)        ; 6324 (10)    ; 0           ; 0            ; 0       ; 0         ; 48   ; 0            ; |red                                                                     ;              ;
;    |NesPpu:name|                  ; 4576 (0)          ; 124 (0)      ; 0           ; 0            ; 0       ; 0         ; 0    ; 0            ; |red|NesPpu:name                                                         ;              ;
;       |MemoryStuffs:mems|         ; 4412 (4412)       ; 0 (0)        ; 0           ; 0            ; 0       ; 0         ; 0    ; 0            ; |red|NesPpu:name|MemoryStuffs:mems                                       ;              ;
;       |NES2C02:The_PPU|           ; 156 (123)         ; 124 (77)     ; 0           ; 0            ; 0       ; 0         ; 0    ; 0            ; |red|NesPpu:name|NES2C02:The_PPU                                         ;              ;
;          |TileFetcher:fetchfecth| ; 33 (18)           ; 47 (24)      ; 0           ; 0            ; 0       ; 0         ; 0    ; 0            ; |red|NesPpu:name|NES2C02:The_PPU|TileFetcher:fetchfecth                  ;              ;
;             |MemFetcher:Fetch|    ; 15 (15)           ; 23 (23)      ; 0           ; 0            ; 0       ; 0         ; 0    ; 0            ; |red|NesPpu:name|NES2C02:The_PPU|TileFetcher:fetchfecth|MemFetcher:Fetch ;              ;
;       |SN74LS373N:addrLatch|      ; 8 (8)             ; 0 (0)        ; 0           ; 0            ; 0       ; 0         ; 0    ; 0            ; |red|NesPpu:name|SN74LS373N:addrLatch                                    ;              ;
;    |pixelGenerator:gen|           ; 28 (28)           ; 0 (0)        ; 0           ; 0            ; 0       ; 0         ; 0    ; 0            ; |red|pixelGenerator:gen                                                  ;              ;
;    |vga:hello|                    ; 7881 (7881)       ; 6190 (6190)  ; 0           ; 0            ; 0       ; 0         ; 0    ; 0            ; |red|vga:hello                                                           ;              ;
+-----------------------------------+-------------------+--------------+-------------+--------------+---------+-----------+------+--------------+--------------------------------------------------------------------------+--------------+
Note: For table entries with two numbers listed, the numbers in parentheses indicate the number of resources of the given type used by the specific entity alone. The numbers listed outside of parentheses indicate the total resources of the given type used by the specific entity and all of its sub-entities in the hierarchy.


+----------------------------------------------------------------------------------------------------------------------------------------------------------------+
; User-Specified and Inferred Latches                                                                                                                            ;
+----------------------------------------------------+----------------------------------------------------------------------------------+------------------------+
; Latch Name                                         ; Latch Enable Signal                                                              ; Free of Timing Hazards ;
+----------------------------------------------------+----------------------------------------------------------------------------------+------------------------+
; NesPpu:name|SN74LS373N:addrLatch|data[0]           ; NesPpu:name|NES2C02:The_PPU|TileFetcher:fetchfecth|MemFetcher:Fetch|addressLatch ; yes                    ;
; NesPpu:name|SN74LS373N:addrLatch|data[1]           ; NesPpu:name|NES2C02:The_PPU|TileFetcher:fetchfecth|MemFetcher:Fetch|addressLatch ; yes                    ;
; NesPpu:name|SN74LS373N:addrLatch|data[3]           ; NesPpu:name|NES2C02:The_PPU|TileFetcher:fetchfecth|MemFetcher:Fetch|addressLatch ; yes                    ;
; NesPpu:name|SN74LS373N:addrLatch|data[5]           ; NesPpu:name|NES2C02:The_PPU|TileFetcher:fetchfecth|MemFetcher:Fetch|addressLatch ; yes                    ;
; NesPpu:name|SN74LS373N:addrLatch|data[6]           ; NesPpu:name|NES2C02:The_PPU|TileFetcher:fetchfecth|MemFetcher:Fetch|addressLatch ; yes                    ;
; NesPpu:name|SN74LS373N:addrLatch|data[2]           ; NesPpu:name|NES2C02:The_PPU|TileFetcher:fetchfecth|MemFetcher:Fetch|addressLatch ; yes                    ;
; NesPpu:name|SN74LS373N:addrLatch|data[4]           ; NesPpu:name|NES2C02:The_PPU|TileFetcher:fetchfecth|MemFetcher:Fetch|addressLatch ; yes                    ;
; NesPpu:name|SN74LS373N:addrLatch|data[7]           ; NesPpu:name|NES2C02:The_PPU|TileFetcher:fetchfecth|MemFetcher:Fetch|addressLatch ; yes                    ;
; Number of user-specified and inferred latches = 8  ;                                                                                  ;                        ;
+----------------------------------------------------+----------------------------------------------------------------------------------+------------------------+
Note: All latches listed above may not be present at the end of synthesis due to various synthesis optimizations.


+-----------------------------------------------------------------------------------------------------------------------------------------------------------------------------------------------+
; Registers Removed During Synthesis                                                                                                                                                            ;
+-----------------------------------------------------------------------------------------+-----------------------------------------------------------------------------------------------------+
; Register name                                                                           ; Reason for Removal                                                                                  ;
+-----------------------------------------------------------------------------------------+-----------------------------------------------------------------------------------------------------+
; NesPpu:name|NES2C02:The_PPU|TileFetcher:fetchfecth|MemFetcher:Fetch|addressOut[0]~en    ; Lost fanout                                                                                         ;
; NesPpu:name|NES2C02:The_PPU|TileFetcher:fetchfecth|MemFetcher:Fetch|addressOut[1]~en    ; Lost fanout                                                                                         ;
; NesPpu:name|NES2C02:The_PPU|TileFetcher:fetchfecth|MemFetcher:Fetch|addressOut[2]~en    ; Lost fanout                                                                                         ;
; NesPpu:name|NES2C02:The_PPU|TileFetcher:fetchfecth|MemFetcher:Fetch|addressOut[3]~en    ; Lost fanout                                                                                         ;
; NesPpu:name|NES2C02:The_PPU|TileFetcher:fetchfecth|MemFetcher:Fetch|addressOut[4]~en    ; Lost fanout                                                                                         ;
; NesPpu:name|NES2C02:The_PPU|TileFetcher:fetchfecth|MemFetcher:Fetch|addressOut[5]~en    ; Lost fanout                                                                                         ;
; NesPpu:name|NES2C02:The_PPU|TileFetcher:fetchfecth|MemFetcher:Fetch|addressOut[6]~en    ; Lost fanout                                                                                         ;
; NesPpu:name|NES2C02:The_PPU|TileFetcher:fetchfecth|MemFetcher:Fetch|addressOut[7]~en    ; Lost fanout                                                                                         ;
; NesPpu:name|NES2C02:The_PPU|TileFetcher:fetchfecth|MemFetcher:Fetch|addressOut[8]~en    ; Lost fanout                                                                                         ;
; NesPpu:name|NES2C02:The_PPU|TileFetcher:fetchfecth|MemFetcher:Fetch|addressOut[9]~en    ; Lost fanout                                                                                         ;
; NesPpu:name|NES2C02:The_PPU|TileFetcher:fetchfecth|MemFetcher:Fetch|addressOut[10]~en   ; Lost fanout                                                                                         ;
; NesPpu:name|NES2C02:The_PPU|TileFetcher:fetchfecth|MemFetcher:Fetch|addressOut[11]~en   ; Lost fanout                                                                                         ;
; NesPpu:name|NES2C02:The_PPU|TileFetcher:fetchfecth|MemFetcher:Fetch|addressOut[12]~en   ; Lost fanout                                                                                         ;
; NesPpu:name|NES2C02:The_PPU|TileFetcher:fetchfecth|MemFetcher:Fetch|addressOut[13]~en   ; Lost fanout                                                                                         ;
; NesPpu:name|NES2C02:The_PPU|TileFetcher:fetchfecth|MemFetcher:Fetch|addressOut[12]~reg0 ; Merged with NesPpu:name|NES2C02:The_PPU|TileFetcher:fetchfecth|MemFetcher:Fetch|addressOut[13]~reg0 ;
; vga:hello|scan[8]                                                                       ; Lost fanout                                                                                         ;
; Total Number of Removed Registers = 16                                                  ;                                                                                                     ;
+-----------------------------------------------------------------------------------------+-----------------------------------------------------------------------------------------------------+


+------------------------------------------------------+
; General Register Statistics                          ;
+----------------------------------------------+-------+
; Statistic                                    ; Value ;
+----------------------------------------------+-------+
; Total registers                              ; 6324  ;
; Number of registers using Synchronous Clear  ; 32    ;
; Number of registers using Synchronous Load   ; 11    ;
; Number of registers using Asynchronous Clear ; 0     ;
; Number of registers using Asynchronous Load  ; 0     ;
; Number of registers using Clock Enable       ; 6278  ;
; Number of registers using Preset             ; 0     ;
+----------------------------------------------+-------+


+--------------------------------------------------+
; Inverted Register Statistics                     ;
+----------------------------------------+---------+
; Inverted Register                      ; Fan out ;
+----------------------------------------+---------+
; NesPpu:name|NES2C02:The_PPU|tileX[1]   ; 7       ;
; Total number of inverted registers = 1 ;         ;
+----------------------------------------+---------+


+-----------------------------------------------------------------------------------------------------------------------------------------------------------------------------------------------------------+
; Multiplexer Restructuring Statistics (Restructuring Performed)                                                                                                                                            ;
+--------------------+-----------+---------------+----------------------+------------------------+------------+---------------------------------------------------------------------------------------------+
; Multiplexer Inputs ; Bus Width ; Baseline Area ; Area if Restructured ; Saving if Restructured ; Registered ; Example Multiplexer Output                                                                  ;
+--------------------+-----------+---------------+----------------------+------------------------+------------+---------------------------------------------------------------------------------------------+
; 3:1                ; 8 bits    ; 16 LEs        ; 0 LEs                ; 16 LEs                 ; Yes        ; |red|xPosition[0]                                                                           ;
; 3:1                ; 12 bits   ; 24 LEs        ; 12 LEs               ; 12 LEs                 ; Yes        ; |red|vga:hello|pixels[4]                                                                    ;
; 4:1                ; 2 bits    ; 4 LEs         ; 4 LEs                ; 0 LEs                  ; Yes        ; |red|NesPpu:name|NES2C02:The_PPU|TileFetcher:fetchfecth|MemFetcher:Fetch|addressOut[9]~reg0 ;
; 3:1                ; 6 bits    ; 12 LEs        ; 12 LEs               ; 0 LEs                  ; Yes        ; |red|vga:hello|RGB[0]                                                                       ;
; 3:1                ; 6 bits    ; 12 LEs        ; 12 LEs               ; 0 LEs                  ; Yes        ; |red|vga:hello|RGB[1]                                                                       ;
; 4:1                ; 2 bits    ; 4 LEs         ; 2 LEs                ; 2 LEs                  ; Yes        ; |red|NesPpu:name|NES2C02:The_PPU|shiftyHigh[0]                                              ;
; 4:1                ; 14 bits   ; 28 LEs        ; 14 LEs               ; 14 LEs                 ; Yes        ; |red|NesPpu:name|NES2C02:The_PPU|shiftyLow[7]                                               ;
; 3:1                ; 4 bits    ; 8 LEs         ; 4 LEs                ; 4 LEs                  ; Yes        ; |red|NesPpu:name|NES2C02:The_PPU|tileX[0]                                                   ;
; 4:1                ; 12 bits   ; 24 LEs        ; 12 LEs               ; 12 LEs                 ; Yes        ; |red|vga:hello|lines[1]                                                                     ;
; 4:1                ; 2 bits    ; 4 LEs         ; 4 LEs                ; 0 LEs                  ; Yes        ; |red|NesPpu:name|NES2C02:The_PPU|TileFetcher:fetchfecth|tileAttribsInt[1]                   ;
; 4:1                ; 9 bits    ; 18 LEs        ; 9 LEs                ; 9 LEs                  ; Yes        ; |red|vga:hello|scan[6]                                                                      ;
; 4:1                ; 2 bits    ; 4 LEs         ; 4 LEs                ; 0 LEs                  ; Yes        ; |red|NesPpu:name|NES2C02:The_PPU|TileFetcher:fetchfecth|MemFetcher:Fetch|addressOut[7]~reg0 ;
; 4:1                ; 5 bits    ; 10 LEs        ; 10 LEs               ; 0 LEs                  ; Yes        ; |red|NesPpu:name|NES2C02:The_PPU|TileFetcher:fetchfecth|MemFetcher:Fetch|addressOut[5]~reg0 ;
; 3:1                ; 2 bits    ; 4 LEs         ; 2 LEs                ; 2 LEs                  ; No         ; |red|vga:hello|buffer2                                                                      ;
; 8:1                ; 4 bits    ; 20 LEs        ; 20 LEs               ; 0 LEs                  ; No         ; |red|NesPpu:name|NES2C02:The_PPU|Mux0                                                       ;
+--------------------+-----------+---------------+----------------------+------------------------+------------+---------------------------------------------------------------------------------------------+


+--------------------------------------------------------+
; Parameter Settings for User Entity Instance: vga:hello ;
+----------------+-------+-------------------------------+
; Parameter Name ; Value ; Type                          ;
+----------------+-------+-------------------------------+
; totalPixels    ; 640   ; Signed Integer                ;
; totalLines     ; 480   ; Signed Integer                ;
; hsw            ; 8     ; Signed Integer                ;
; hfp            ; 13    ; Signed Integer                ;
; vsw            ; 20    ; Signed Integer                ;
; vfp            ; 13    ; Signed Integer                ;
+----------------+-------+-------------------------------+
Note: In order to hide this table in the UI and the text report file, please set the "Show Parameter Settings in Synthesis Report" option in "Analysis and Synthesis Settings -> More Settings" to "Off".


+--------------------------------------------------------------------------------+
; Port Connectivity Checks: "NesPpu:name|NES2C02:The_PPU|TileFetcher:fetchfecth" ;
+----------+-------+----------+--------------------------------------------------+
; Port     ; Type  ; Severity ; Details                                          ;
+----------+-------+----------+--------------------------------------------------+
; tileY[5] ; Input ; Info     ; Stuck at GND                                     ;
+----------+-------+----------+--------------------------------------------------+


+--------------------------------------------------------------------------------------------------------------------------------------------------------------------------------------------------------------------------+
; Port Connectivity Checks: "NesPpu:name|SN74LS373N:addrLatch"                                                                                                                                                             ;
+------------------+-------+----------+------------------------------------------------------------------------------------------------------------------------------------------------------------------------------------+
; Port             ; Type  ; Severity ; Details                                                                                                                                                                            ;
+------------------+-------+----------+------------------------------------------------------------------------------------------------------------------------------------------------------------------------------------+
; outputEnable     ; Input ; Warning  ; Input port expression (32 bits) is wider than the input port (1 bits) it drives.  The 31 most-significant bit(s) in the expression will be dangling if they have no other fanouts. ;
; outputEnable[-1] ; Input ; Info     ; Stuck at GND                                                                                                                                                                       ;
+------------------+-------+----------+------------------------------------------------------------------------------------------------------------------------------------------------------------------------------------+


+-----------------------------------------------------------------+
; Port Connectivity Checks: "NesPpu:name"                         ;
+--------------------+--------+----------+------------------------+
; Port               ; Type   ; Severity ; Details                ;
+--------------------+--------+----------+------------------------+
; vgaClock           ; Input  ; Info     ; Explicitly unconnected ;
; red                ; Output ; Info     ; Explicitly unconnected ;
; green              ; Output ; Info     ; Explicitly unconnected ;
; blue               ; Output ; Info     ; Explicitly unconnected ;
; hsync              ; Output ; Info     ; Explicitly unconnected ;
; vsync              ; Output ; Info     ; Explicitly unconnected ;
; reset              ; Input  ; Info     ; Explicitly unconnected ;
; rw                 ; Input  ; Info     ; Explicitly unconnected ;
; dataBusEnable      ; Input  ; Info     ; Explicitly unconnected ;
; registerSelect     ; Input  ; Info     ; Explicitly unconnected ;
; cpuDataIn          ; Input  ; Info     ; Explicitly unconnected ;
; cpuDataOut         ; Output ; Info     ; Explicitly unconnected ;
; vRamDataIn         ; Output ; Info     ; Explicitly unconnected ;
; vRamDataOut        ; Output ; Info     ; Explicitly unconnected ;
; vRamAddressOut     ; Output ; Info     ; Explicitly unconnected ;
; addressLatchEnable ; Output ; Info     ; Explicitly unconnected ;
; interrupt          ; Output ; Info     ; Explicitly unconnected ;
; vRamRead           ; Output ; Info     ; Explicitly unconnected ;
; vRamWrite          ; Output ; Info     ; Explicitly unconnected ;
+--------------------+--------+----------+------------------------+


+-------------------------------+
; Elapsed Time Per Partition    ;
+----------------+--------------+
; Partition Name ; Elapsed Time ;
+----------------+--------------+
; Top            ; 00:01:15     ;
+----------------+--------------+


+-------------------------------+
; Analysis & Synthesis Messages ;
+-------------------------------+
Info: *******************************************************************
Info: Running Quartus II 64-Bit Analysis & Synthesis
    Info: Version 13.0.0 Build 156 04/24/2013 SJ Web Edition
    Info: Processing started: Sun Dec 10 22:14:35 2017
Info: Command: quartus_map --read_settings_files=on --write_settings_files=off red -c red
Warning (20028): Parallel compilation is not licensed and has been disabled
Info (12021): Found 1 design units, including 1 entities, in source file /hercu-nes/code/fpga-nercu-nes/sn74ls373n.sv
    Info (12023): Found entity 1: SN74LS373N
Info (12021): Found 7 design units, including 7 entities, in source file /hercu-nes/code/fpga-nercu-nes/ppu_module.sv
    Info (12023): Found entity 1: NesPpu
    Info (12023): Found entity 2: MemoryStuffs
    Info (12023): Found entity 3: NES2C02
    Info (12023): Found entity 4: TileFetcher
    Info (12023): Found entity 5: MemFetcher
    Info (12023): Found entity 6: SpriteSelector
    Info (12023): Found entity 7: LoopyScrolling
Info (12021): Found 3 design units, including 3 entities, in source file red.sv
    Info (12023): Found entity 1: red
    Info (12023): Found entity 2: vga
    Info (12023): Found entity 3: pixelGenerator
Info (12127): Elaborating entity "red" for the top level hierarchy
Warning (10230): Verilog HDL assignment warning at red.sv(25): truncated value with size 32 to match size of target (8)
Warning (10230): Verilog HDL assignment warning at red.sv(27): truncated value with size 32 to match size of target (8)
Info (12128): Elaborating entity "pixelGenerator" for hierarchy "pixelGenerator:gen"
Warning (10030): Net "pallete.data_a" at red.sv(193) has no driver or initial value, using a default initial value '0'
Warning (10030): Net "pallete.waddr_a" at red.sv(193) has no driver or initial value, using a default initial value '0'
Warning (10030): Net "SBpalletes.data_a" at red.sv(199) has no driver or initial value, using a default initial value '0'
Warning (10030): Net "SBpalletes.waddr_a" at red.sv(199) has no driver or initial value, using a default initial value '0'
Warning (10030): Net "pallete.we_a" at red.sv(193) has no driver or initial value, using a default initial value '0'
Warning (10030): Net "SBpalletes.we_a" at red.sv(199) has no driver or initial value, using a default initial value '0'
Info (12128): Elaborating entity "NesPpu" for hierarchy "NesPpu:name"
Warning (10034): Output port "red" at PPU_Module.sv(32) has no driver
Warning (10034): Output port "green" at PPU_Module.sv(33) has no driver
Warning (10034): Output port "blue" at PPU_Module.sv(34) has no driver
Warning (10034): Output port "hsync" at PPU_Module.sv(35) has no driver
Warning (10034): Output port "vsync" at PPU_Module.sv(36) has no driver
Warning (10034): Output port "addressLatchEnable" at PPU_Module.sv(19) has no driver
Info (12128): Elaborating entity "MemoryStuffs" for hierarchy "NesPpu:name|MemoryStuffs:mems"
Warning (10030): Net "ram.data_a" at PPU_Module.sv(58) has no driver or initial value, using a default initial value '0'
Warning (10030): Net "ram.waddr_a" at PPU_Module.sv(58) has no driver or initial value, using a default initial value '0'
Warning (10030): Net "rom.data_a" at PPU_Module.sv(59) has no driver or initial value, using a default initial value '0'
Warning (10030): Net "rom.waddr_a" at PPU_Module.sv(59) has no driver or initial value, using a default initial value '0'
Warning (10030): Net "ram.we_a" at PPU_Module.sv(58) has no driver or initial value, using a default initial value '0'
Warning (10030): Net "rom.we_a" at PPU_Module.sv(59) has no driver or initial value, using a default initial value '0'
Info (12128): Elaborating entity "SN74LS373N" for hierarchy "NesPpu:name|SN74LS373N:addrLatch"
Warning (10230): Verilog HDL assignment warning at SN74LS373N.sv(20): truncated value with size 32 to match size of target (8)
Info (10041): Inferred latch for "data[0]" at SN74LS373N.sv(15)
Info (10041): Inferred latch for "data[1]" at SN74LS373N.sv(15)
Info (10041): Inferred latch for "data[2]" at SN74LS373N.sv(15)
Info (10041): Inferred latch for "data[3]" at SN74LS373N.sv(15)
Info (10041): Inferred latch for "data[4]" at SN74LS373N.sv(15)
Info (10041): Inferred latch for "data[5]" at SN74LS373N.sv(15)
Info (10041): Inferred latch for "data[6]" at SN74LS373N.sv(15)
Info (10041): Inferred latch for "data[7]" at SN74LS373N.sv(15)
Info (12128): Elaborating entity "NES2C02" for hierarchy "NesPpu:name|NES2C02:The_PPU"
Warning (10027): Verilog HDL or VHDL warning at the PPU_Module.sv(151): index expression is not wide enough to address all of the elements in the array
Warning (10230): Verilog HDL assignment warning at PPU_Module.sv(176): truncated value with size 32 to match size of target (9)
Warning (10230): Verilog HDL assignment warning at PPU_Module.sv(191): truncated value with size 32 to match size of target (6)
Warning (10230): Verilog HDL assignment warning at PPU_Module.sv(200): truncated value with size 32 to match size of target (9)
Warning (10034): Output port "cpuDataOut" at PPU_Module.sv(98) has no driver
Warning (10034): Output port "vRamDataOut" at PPU_Module.sv(99) has no driver
Warning (10034): Output port "interrupt" at PPU_Module.sv(102) has no driver
Warning (10034): Output port "vRamWrite" at PPU_Module.sv(104) has no driver
Info (12128): Elaborating entity "TileFetcher" for hierarchy "NesPpu:name|NES2C02:The_PPU|TileFetcher:fetchfecth"
Warning (10230): Verilog HDL assignment warning at PPU_Module.sv(236): truncated value with size 32 to match size of target (4)
Warning (10230): Verilog HDL assignment warning at PPU_Module.sv(256): truncated value with size 32 to match size of target (4)
Warning (10230): Verilog HDL assignment warning at PPU_Module.sv(264): truncated value with size 8 to match size of target (2)
Info (12128): Elaborating entity "MemFetcher" for hierarchy "NesPpu:name|NES2C02:The_PPU|TileFetcher:fetchfecth|MemFetcher:Fetch"
Info (12128): Elaborating entity "vga" for hierarchy "vga:hello"
Warning (10036): Verilog HDL or VHDL warning at red.sv(49): object "getPixel" assigned a value but never read
Warning (10036): Verilog HDL or VHDL warning at red.sv(75): object "colorful" assigned a value but never read
Warning (10036): Verilog HDL or VHDL warning at red.sv(76): object "row" assigned a value but never read
Warning (10230): Verilog HDL assignment warning at red.sv(70): truncated value with size 32 to match size of target (8)
Warning (10230): Verilog HDL assignment warning at red.sv(73): truncated value with size 32 to match size of target (8)
Warning (10230): Verilog HDL assignment warning at red.sv(101): truncated value with size 32 to match size of target (9)
Warning (10230): Verilog HDL assignment warning at red.sv(156): truncated value with size 32 to match size of target (12)
Warning (10230): Verilog HDL assignment warning at red.sv(169): truncated value with size 32 to match size of target (12)
Warning (13046): Tri-state node(s) do not directly drive top-level pin(s)
    Warning (13049): Converted tri-state buffer "NesPpu:name|NES2C02:The_PPU|TileFetcher:fetchfecth|MemFetcher:Fetch|addressOut[0]" feeding internal logic into a wire
    Warning (13049): Converted tri-state buffer "NesPpu:name|NES2C02:The_PPU|TileFetcher:fetchfecth|MemFetcher:Fetch|addressOut[1]" feeding internal logic into a wire
    Warning (13049): Converted tri-state buffer "NesPpu:name|NES2C02:The_PPU|TileFetcher:fetchfecth|MemFetcher:Fetch|addressOut[2]" feeding internal logic into a wire
    Warning (13049): Converted tri-state buffer "NesPpu:name|NES2C02:The_PPU|TileFetcher:fetchfecth|MemFetcher:Fetch|addressOut[3]" feeding internal logic into a wire
    Warning (13049): Converted tri-state buffer "NesPpu:name|NES2C02:The_PPU|TileFetcher:fetchfecth|MemFetcher:Fetch|addressOut[4]" feeding internal logic into a wire
    Warning (13049): Converted tri-state buffer "NesPpu:name|NES2C02:The_PPU|TileFetcher:fetchfecth|MemFetcher:Fetch|addressOut[5]" feeding internal logic into a wire
    Warning (13049): Converted tri-state buffer "NesPpu:name|NES2C02:The_PPU|TileFetcher:fetchfecth|MemFetcher:Fetch|addressOut[6]" feeding internal logic into a wire
    Warning (13049): Converted tri-state buffer "NesPpu:name|NES2C02:The_PPU|TileFetcher:fetchfecth|MemFetcher:Fetch|addressOut[7]" feeding internal logic into a wire
    Warning (13049): Converted tri-state buffer "NesPpu:name|NES2C02:The_PPU|TileFetcher:fetchfecth|MemFetcher:Fetch|addressOut[8]" feeding internal logic into a wire
    Warning (13049): Converted tri-state buffer "NesPpu:name|NES2C02:The_PPU|TileFetcher:fetchfecth|MemFetcher:Fetch|addressOut[9]" feeding internal logic into a wire
    Warning (13049): Converted tri-state buffer "NesPpu:name|NES2C02:The_PPU|TileFetcher:fetchfecth|MemFetcher:Fetch|addressOut[10]" feeding internal logic into a wire
    Warning (13049): Converted tri-state buffer "NesPpu:name|NES2C02:The_PPU|TileFetcher:fetchfecth|MemFetcher:Fetch|addressOut[11]" feeding internal logic into a wire
    Warning (13049): Converted tri-state buffer "NesPpu:name|NES2C02:The_PPU|TileFetcher:fetchfecth|MemFetcher:Fetch|addressOut[12]" feeding internal logic into a wire
    Warning (13049): Converted tri-state buffer "NesPpu:name|NES2C02:The_PPU|TileFetcher:fetchfecth|MemFetcher:Fetch|addressOut[13]" feeding internal logic into a wire
    Warning (13049): Converted tri-state buffer "NesPpu:name|SN74LS373N:addrLatch|dataOut[7]" feeding internal logic into a wire
    Warning (13049): Converted tri-state buffer "NesPpu:name|SN74LS373N:addrLatch|dataOut[6]" feeding internal logic into a wire
    Warning (13049): Converted tri-state buffer "NesPpu:name|SN74LS373N:addrLatch|dataOut[5]" feeding internal logic into a wire
    Warning (13049): Converted tri-state buffer "NesPpu:name|SN74LS373N:addrLatch|dataOut[4]" feeding internal logic into a wire
    Warning (13049): Converted tri-state buffer "NesPpu:name|SN74LS373N:addrLatch|dataOut[3]" feeding internal logic into a wire
    Warning (13049): Converted tri-state buffer "NesPpu:name|SN74LS373N:addrLatch|dataOut[2]" feeding internal logic into a wire
    Warning (13049): Converted tri-state buffer "NesPpu:name|SN74LS373N:addrLatch|dataOut[1]" feeding internal logic into a wire
    Warning (13049): Converted tri-state buffer "NesPpu:name|SN74LS373N:addrLatch|dataOut[0]" feeding internal logic into a wire
Info (276014): Found 6 instances of uninferred RAM logic
    Info (276007): RAM logic "vga:hello|buffer2" is uninferred due to asynchronous read logic
    Info (276007): RAM logic "vga:hello|buffer1" is uninferred due to asynchronous read logic
    Info (276004): RAM logic "pixelGenerator:gen|pallete" is uninferred due to inappropriate RAM size
    Info (276004): RAM logic "pixelGenerator:gen|SBpalletes" is uninferred due to inappropriate RAM size
    Info (276007): RAM logic "NesPpu:name|MemoryStuffs:mems|ram" is uninferred due to asynchronous read logic
    Info (276007): RAM logic "NesPpu:name|MemoryStuffs:mems|rom" is uninferred due to asynchronous read logic
Warning (12241): 1 hierarchies have connectivity warnings - see the Connectivity Checks report folder
Warning (13046): Tri-state node(s) do not directly drive top-level pin(s)
    Warning (13047): Converted the fan-out from the tri-state buffer "NesPpu:name|NES2C02:The_PPU|TileFetcher:fetchfecth|tileHighByte[7]" to the node "NesPpu:name|NES2C02:The_PPU|shiftyHigh" into an OR gate
    Warning (13047): Converted the fan-out from the tri-state buffer "NesPpu:name|NES2C02:The_PPU|TileFetcher:fetchfecth|tileHighByte[6]" to the node "NesPpu:name|NES2C02:The_PPU|shiftyHigh" into an OR gate
    Warning (13047): Converted the fan-out from the tri-state buffer "NesPpu:name|NES2C02:The_PPU|TileFetcher:fetchfecth|tileHighByte[5]" to the node "NesPpu:name|NES2C02:The_PPU|shiftyHigh" into an OR gate
    Warning (13047): Converted the fan-out from the tri-state buffer "NesPpu:name|NES2C02:The_PPU|TileFetcher:fetchfecth|tileHighByte[4]" to the node "NesPpu:name|NES2C02:The_PPU|shiftyHigh" into an OR gate
    Warning (13047): Converted the fan-out from the tri-state buffer "NesPpu:name|NES2C02:The_PPU|TileFetcher:fetchfecth|tileHighByte[3]" to the node "NesPpu:name|NES2C02:The_PPU|shiftyHigh" into an OR gate
    Warning (13047): Converted the fan-out from the tri-state buffer "NesPpu:name|NES2C02:The_PPU|TileFetcher:fetchfecth|tileHighByte[2]" to the node "NesPpu:name|NES2C02:The_PPU|shiftyHigh" into an OR gate
    Warning (13047): Converted the fan-out from the tri-state buffer "NesPpu:name|NES2C02:The_PPU|TileFetcher:fetchfecth|tileHighByte[1]" to the node "NesPpu:name|NES2C02:The_PPU|shiftyHigh" into an OR gate
    Warning (13047): Converted the fan-out from the tri-state buffer "NesPpu:name|NES2C02:The_PPU|TileFetcher:fetchfecth|tileHighByte[0]" to the node "NesPpu:name|NES2C02:The_PPU|shiftyHigh" into an OR gate
    Warning (13047): Converted the fan-out from the tri-state buffer "NesPpu:name|MemoryStuffs:mems|data[7]" to the node "NesPpu:name|NES2C02:The_PPU|TileFetcher:fetchfecth|MemFetcher:Fetch|dataOut[7]" into an OR gate
    Warning (13047): Converted the fan-out from the tri-state buffer "NesPpu:name|MemoryStuffs:mems|data[6]" to the node "NesPpu:name|NES2C02:The_PPU|TileFetcher:fetchfecth|MemFetcher:Fetch|dataOut[6]" into an OR gate
    Warning (13047): Converted the fan-out from the tri-state buffer "NesPpu:name|MemoryStuffs:mems|data[5]" to the node "NesPpu:name|NES2C02:The_PPU|TileFetcher:fetchfecth|MemFetcher:Fetch|dataOut[5]" into an OR gate
    Warning (13047): Converted the fan-out from the tri-state buffer "NesPpu:name|MemoryStuffs:mems|data[4]" to the node "NesPpu:name|NES2C02:The_PPU|TileFetcher:fetchfecth|MemFetcher:Fetch|dataOut[4]" into an OR gate
    Warning (13047): Converted the fan-out from the tri-state buffer "NesPpu:name|MemoryStuffs:mems|data[2]" to the node "NesPpu:name|NES2C02:The_PPU|TileFetcher:fetchfecth|MemFetcher:Fetch|dataOut[2]" into an OR gate
    Warning (13047): Converted the fan-out from the tri-state buffer "NesPpu:name|MemoryStuffs:mems|data[0]" to the node "NesPpu:name|NES2C02:The_PPU|TileFetcher:fetchfecth|MemFetcher:Fetch|dataOut[0]" into an OR gate
    Warning (13047): Converted the fan-out from the tri-state buffer "NesPpu:name|MemoryStuffs:mems|data[3]" to the node "NesPpu:name|NES2C02:The_PPU|TileFetcher:fetchfecth|MemFetcher:Fetch|dataOut[3]" into an OR gate
    Warning (13047): Converted the fan-out from the tri-state buffer "NesPpu:name|MemoryStuffs:mems|data[1]" to the node "NesPpu:name|NES2C02:The_PPU|TileFetcher:fetchfecth|MemFetcher:Fetch|dataOut[1]" into an OR gate
    Warning (13047): Converted the fan-out from the tri-state buffer "NesPpu:name|MemoryStuffs:mems|data[2]" to the node "NesPpu:name|NES2C02:The_PPU|TileFetcher:fetchfecth|tileHighByte[2]" into an OR gate
    Warning (13047): Converted the fan-out from the tri-state buffer "NesPpu:name|MemoryStuffs:mems|data[0]" to the node "NesPpu:name|NES2C02:The_PPU|TileFetcher:fetchfecth|tileHighByte[0]" into an OR gate
    Warning (13047): Converted the fan-out from the tri-state buffer "NesPpu:name|MemoryStuffs:mems|data[1]" to the node "NesPpu:name|NES2C02:The_PPU|TileFetcher:fetchfecth|tileHighByte[1]" into an OR gate
Warning (13024): Output pins are stuck at VCC or GND
    Warning (13410): Pin "LEDG[5]" is stuck at GND
    Warning (13410): Pin "LEDG[7]" is stuck at VCC
Info (17049): 15 registers lost all their fanouts during netlist optimizations.
Info (144001): Generated suppressed messages file C:/Hercu-NES/Code/morganGPALDU/output_files/red.map.smsg
Info (16010): Generating hard_block partition "hard_block:auto_generated_inst"
    Info (16011): Adding 0 node(s), including 0 DDIO, 0 PLL, 0 transceiver and 0 LCELL
Warning (21074): Design contains 3 input pin(s) that do not drive logic
    Warning (15610): No output dependent on input pin "KEY[2]"
    Warning (15610): No output dependent on input pin "KEY[3]"
    Warning (15610): No output dependent on input pin "CLOCK_24[1]"
Info (21057): Implemented 15614 device resources after synthesis - the final resource count might be different
    Info (21058): Implemented 16 input pins
    Info (21059): Implemented 32 output pins
    Info (21061): Implemented 15566 logic cells
Info: Quartus II 64-Bit Analysis & Synthesis was successful. 0 errors, 92 warnings
    Info: Peak virtual memory: 535 megabytes
    Info: Processing ended: Sun Dec 10 22:15:57 2017
    Info: Elapsed time: 00:01:22
    Info: Total CPU time (on all processors): 00:01:22


+------------------------------------------+
; Analysis & Synthesis Suppressed Messages ;
+------------------------------------------+
The suppressed messages can be found in C:/Hercu-NES/Code/morganGPALDU/output_files/red.map.smsg.


