#-----------------------------------------------------------
# Vivado v2016.4 (64-bit)
# SW Build 1756540 on Mon Jan 23 19:11:23 MST 2017
# IP Build 1755317 on Mon Jan 23 20:30:07 MST 2017
# Start of session at: Fri Dec 08 21:20:04 2017
# Process ID: 11184
# Current directory: C:/Hercu-NES/Code/BenCPUPPUCaptureView
# Command line: vivado.exe -gui_launcher_event rodinguilauncherevent10948 C:\Hercu-NES\Code\BenCPUPPUCaptureView\CaptureView.xpr
# Log file: C:/Hercu-NES/Code/BenCPUPPUCaptureView/vivado.log
# Journal file: C:/Hercu-NES/Code/BenCPUPPUCaptureView\vivado.jou
#-----------------------------------------------------------
start_gui
open_project C:/Hercu-NES/Code/BenCPUPPUCaptureView/CaptureView.xpr
Scanning sources...
Finished scanning sources
INFO: [IP_Flow 19-234] Refreshing IP repositories
INFO: [IP_Flow 19-1704] No user IP repositories specified
INFO: [IP_Flow 19-2313] Loaded Vivado IP repository 'C:/Xilinx/Vivado/2016.4/data/ip'.
launch_simulation
INFO: [SIM-utils-51] Simulation object is 'sim_1'
INFO: [USF-XSim-37] Inspecting design source files for 'top' in fileset 'sim_1'...
INFO: [USF-XSim-97] Finding global include files...
INFO: [USF-XSim-98] Fetching design files from 'sim_1'...
INFO: [USF-XSim-2] XSim::Compile design
INFO: [USF-XSim-61] Executing 'COMPILE and ANALYZE' step in 'C:/Hercu-NES/Code/BenCPUPPUCaptureView/CaptureView.sim/sim_1/behav'
"xvlog -m64 --relax -prj top_vlog.prj"
INFO: [VRFC 10-2263] Analyzing SystemVerilog file "C:/Hercu-NES/Code/BenCPUPPUCaptureView/CaptureView.srcs/sources_1/new/top.sv" into library xil_defaultlib
INFO: [VRFC 10-311] analyzing module top
INFO: [VRFC 10-2263] Analyzing Verilog file "C:/Hercu-NES/Code/BenCPUPPUCaptureView/CaptureView.sim/sim_1/behav/glbl.v" into library xil_defaultlib
INFO: [VRFC 10-311] analyzing module glbl
INFO: [USF-XSim-69] 'compile' step finished in '1' seconds
INFO: [USF-XSim-3] XSim::Elaborate design
INFO: [USF-XSim-61] Executing 'ELABORATE' step in 'C:/Hercu-NES/Code/BenCPUPPUCaptureView/CaptureView.sim/sim_1/behav'
Vivado Simulator 2016.4
Copyright 1986-1999, 2001-2016 Xilinx, Inc. All Rights Reserved.
Running: C:/Xilinx/Vivado/2016.4/bin/unwrapped/win64.o/xelab.exe -wto f7afa0a9e92c410791000f1797b1a946 --debug typical --relax --mt 2 -L xil_defaultlib -L unisims_ver -L unimacro_ver -L secureip --snapshot top_behav xil_defaultlib.top xil_defaultlib.glbl -log elaborate.log 
Using 2 slave threads.
Starting static elaboration
Completed static elaboration
Starting simulation data flow analysis
Completed simulation data flow analysis
Time Resolution for simulation is 1ps
Compiling module xil_defaultlib.top
Compiling module xil_defaultlib.glbl
Built simulation snapshot top_behav

****** Webtalk v2016.4 (64-bit)
  **** SW Build 1756540 on Mon Jan 23 19:11:23 MST 2017
  **** IP Build 1755317 on Mon Jan 23 20:30:07 MST 2017
    ** Copyright 1986-2016 Xilinx, Inc. All Rights Reserved.

source C:/Hercu-NES/Code/BenCPUPPUCaptureView/CaptureView.sim/sim_1/behav/xsim.dir/top_behav/webtalk/xsim_webtalk.tcl -notrace
INFO: [Common 17-186] 'C:/Hercu-NES/Code/BenCPUPPUCaptureView/CaptureView.sim/sim_1/behav/xsim.dir/top_behav/webtalk/usage_statistics_ext_xsim.xml' has been successfully sent to Xilinx on Fri Dec 08 21:21:00 2017. For additional details about this file, please refer to the WebTalk help file at C:/Xilinx/Vivado/2016.4/doc/webtalk_introduction.html.
INFO: [Common 17-206] Exiting Webtalk at Fri Dec 08 21:21:00 2017...
run_program: Time (s): cpu = 00:00:01 ; elapsed = 00:00:08 . Memory (MB): peak = 836.859 ; gain = 0.000
INFO: [USF-XSim-69] 'elaborate' step finished in '8' seconds
INFO: [USF-XSim-4] XSim::Simulate design
INFO: [USF-XSim-61] Executing 'SIMULATE' step in 'C:/Hercu-NES/Code/BenCPUPPUCaptureView/CaptureView.sim/sim_1/behav'
INFO: [USF-XSim-98] *** Running xsim
   with args "top_behav -key {Behavioral:sim_1:Functional:top} -tclbatch {top.tcl} -log {simulate.log}"
INFO: [USF-XSim-8] Loading simulator feature
Vivado Simulator 2016.4
Time resolution is 1 ps
source top.tcl
# set curr_wave [current_wave_config]
# if { [string length $curr_wave] == 0 } {
#   if { [llength [get_objects]] > 0} {
#     add_wave /
#     set_property needs_save false [current_wave_config]
#   } else {
#      send_msg_id Add_Wave-1 WARNING "No top level signals found. Simulator will start without a wave window. If you want to open a wave window go to 'File->New Waveform Configuration' or type 'create_wave_config' in the TCL console."
#   }
# }
WARNING: [Wavedata 42-489] Can't add object "/top/CPUdata" to the wave window because it has 134217728 bits, which exceeds the display limit of 65536 bits.  To change the display limit, use the command "set_property display_limit <new limit> [current_wave_config]".
WARNING: [Wavedata 42-489] Can't add object "/top/PPUdata" to the wave window because it has 134217728 bits, which exceeds the display limit of 65536 bits.  To change the display limit, use the command "set_property display_limit <new limit> [current_wave_config]".
# run 1000ns
run: Time (s): cpu = 00:00:11 ; elapsed = 00:00:21 . Memory (MB): peak = 1031.941 ; gain = 2.891
xsim: Time (s): cpu = 00:00:20 ; elapsed = 00:00:31 . Memory (MB): peak = 1031.941 ; gain = 195.082
INFO: [USF-XSim-96] XSim completed. Design snapshot 'top_behav' loaded.
INFO: [USF-XSim-97] XSim simulation ran for 1000ns
launch_simulation: Time (s): cpu = 00:00:21 ; elapsed = 00:00:40 . Memory (MB): peak = 1031.941 ; gain = 195.082
run 30 ms
run: Time (s): cpu = 00:00:57 ; elapsed = 00:00:57 . Memory (MB): peak = 1031.941 ; gain = 0.000
close_sim
INFO: [Simtcl 6-16] Simulation closed
close_sim: Time (s): cpu = 00:00:01 ; elapsed = 00:00:17 . Memory (MB): peak = 1031.941 ; gain = 0.000
exit
INFO: [Common 17-206] Exiting Vivado at Fri Dec 08 21:29:29 2017...
