#-----------------------------------------------------------
# Vivado v2017.3 (64-bit)
# SW Build 2018833 on Wed Oct  4 19:58:22 MDT 2017
# IP Build 2016188 on Wed Oct  4 21:52:56 MDT 2017
# Start of session at: Mon Nov 20 14:20:27 2017
# Process ID: 12036
# Current directory: C:/Users/RyanP/Documents/GitHub/Hercu-NES/Code/Vivado Simulation/Vivado_Simulation
# Command line: vivado.exe -gui_launcher_event rodinguilauncherevent10188 C:\Users\RyanP\Documents\GitHub\Hercu-NES\Code\Vivado Simulation\Vivado_Simulation\Vivado_Simulation.xpr
# Log file: C:/Users/RyanP/Documents/GitHub/Hercu-NES/Code/Vivado Simulation/Vivado_Simulation/vivado.log
# Journal file: C:/Users/RyanP/Documents/GitHub/Hercu-NES/Code/Vivado Simulation/Vivado_Simulation\vivado.jou
#-----------------------------------------------------------
start_gui
open_project {C:/Users/RyanP/Documents/GitHub/Hercu-NES/Code/Vivado Simulation/Vivado_Simulation/Vivado_Simulation.xpr}
INFO: [ProjectBase 1-489] The host OS only allows 260 characters in a normal path. The project is stored in a path with more than 80 characters. If you experience issues with IP, Block Designs, or files not being found, please consider moving the project to a location with a shorter path. Alternately consider using the OS subst command to map part of the path to a drive letter.
Current project path is 'C:/Users/RyanP/Documents/GitHub/Hercu-NES/Code/Vivado Simulation/Vivado_Simulation'
Scanning sources...
Finished scanning sources
INFO: [IP_Flow 19-234] Refreshing IP repositories
INFO: [IP_Flow 19-1704] No user IP repositories specified
INFO: [Common 17-41] Interrupt caught. Command should exit soon.
INFO: [IP_Flow 19-2313] Loaded Vivado IP repository 'C:/Xilinx/Vivado/2017.3/data/ip'.
INFO: [IP_Flow 19-2338] Canceling the chexport_ip_user_files -of_objects  [get_files {{C:/Users/RyanP/Documents/GitHub/Hercu-NES/Code/Vivado Simulation/Vivado_Simulation/Vivado_Simulation.srcs/sources_1/new/testbench.sv}}] -no_script -reset -force -quiet
remove_files  {{C:/Users/RyanP/Documents/GitHub/Hercu-NES/Code/Vivado Simulation/Vivado_Simulation/Vivado_Simulation.srcs/sources_1/new/testbench.sv}}
export_ip_user_files -of_objects  [get_files C:/Users/RyanP/Documents/GitHub/Hercu-NES/Code/FPGA-Nercu-NES/NoES.sv] -no_script -reset -force -quiet
remove_files  C:/Users/RyanP/Documents/GitHub/Hercu-NES/Code/FPGA-Nercu-NES/NoES.sv
export_ip_user_files -of_objects  [get_files C:/Users/RyanP/Documents/GitHub/Hercu-NES/Code/FPGA-Nercu-NES/CPU_Module.sv] -no_script -reset -force -quiet
remove_files  C:/Users/RyanP/Documents/GitHub/Hercu-NES/Code/FPGA-Nercu-NES/CPU_Module.sv
export_ip_user_files -of_objects  [get_files C:/Users/RyanP/Documents/GitHub/Hercu-NES/Code/FPGA-Nercu-NES/CPU_Module-Template.sv] -no_script -reset -force -quiet
remove_files  C:/Users/RyanP/Documents/GitHub/Hercu-NES/Code/FPGA-Nercu-NES/CPU_Module-Template.sv
exit
INFO: [Common 17-206] Exiting Vivado at Mon Nov 20 14:33:14 2017...
