Analysis & Synthesis report for NoES
Sat Oct 14 19:56:36 2017
Quartus II 64-Bit Version 13.0.0 Build 156 04/24/2013 SJ Web Edition


---------------------
; Table of Contents ;
---------------------
  1. Legal Notice
  2. Analysis & Synthesis Summary
  3. Analysis & Synthesis Settings
  4. Parallel Compilation
  5. Analysis & Synthesis Source Files Read
  6. Analysis & Synthesis Resource Usage Summary
  7. Analysis & Synthesis Resource Utilization by Entity
  8. General Register Statistics
  9. Multiplexer Restructuring Statistics (Restructuring Performed)
 10. Parameter Settings for User Entity Instance: UartTransmit:uart
 11. Elapsed Time Per Partition
 12. Analysis & Synthesis Messages
 13. Analysis & Synthesis Suppressed Messages



----------------
; Legal Notice ;
----------------
Copyright (C) 1991-2013 Altera Corporation
Your use of Altera Corporation's design tools, logic functions 
and other software and tools, and its AMPP partner logic 
functions, and any output files from any of the foregoing 
(including device programming or simulation files), and any 
associated documentation or information are expressly subject 
to the terms and conditions of the Altera Program License 
Subscription Agreement, Altera MegaCore Function License 
Agreement, or other applicable license agreement, including, 
without limitation, that your use is for the sole purpose of 
programming logic devices manufactured by Altera and sold by 
Altera or its authorized distributors.  Please refer to the 
applicable agreement for further details.



+---------------------------------------------------------------------------------+
; Analysis & Synthesis Summary                                                    ;
+------------------------------------+--------------------------------------------+
; Analysis & Synthesis Status        ; Successful - Sat Oct 14 19:56:36 2017      ;
; Quartus II 64-Bit Version          ; 13.0.0 Build 156 04/24/2013 SJ Web Edition ;
; Revision Name                      ; NoES                                       ;
; Top-level Entity Name              ; NoES                                       ;
; Family                             ; Cyclone II                                 ;
; Total logic elements               ; 80                                         ;
;     Total combinational functions  ; 72                                         ;
;     Dedicated logic registers      ; 63                                         ;
; Total registers                    ; 63                                         ;
; Total pins                         ; 75                                         ;
; Total virtual pins                 ; 0                                          ;
; Total memory bits                  ; 0                                          ;
; Embedded Multiplier 9-bit elements ; 0                                          ;
; Total PLLs                         ; 0                                          ;
+------------------------------------+--------------------------------------------+


+----------------------------------------------------------------------------------------------------------------------+
; Analysis & Synthesis Settings                                                                                        ;
+----------------------------------------------------------------------------+--------------------+--------------------+
; Option                                                                     ; Setting            ; Default Value      ;
+----------------------------------------------------------------------------+--------------------+--------------------+
; Device                                                                     ; EP2C20F484C7       ;                    ;
; Top-level entity name                                                      ; NoES               ; NoES               ;
; Family name                                                                ; Cyclone II         ; Cyclone IV GX      ;
; Verilog Show LMF Mapping Messages                                          ; Off                ;                    ;
; Verilog Version                                                            ; SystemVerilog_2005 ; Verilog_2001       ;
; Type of Retiming Performed During Resynthesis                              ; Full               ;                    ;
; Resynthesis Optimization Effort                                            ; Normal             ;                    ;
; Physical Synthesis Level for Resynthesis                                   ; Normal             ;                    ;
; Use Generated Physical Constraints File                                    ; On                 ;                    ;
; Use smart compilation                                                      ; Off                ; Off                ;
; Enable parallel Assembler and TimeQuest Timing Analyzer during compilation ; On                 ; On                 ;
; Enable compact report table                                                ; Off                ; Off                ;
; Restructure Multiplexers                                                   ; Auto               ; Auto               ;
; Create Debugging Nodes for IP Cores                                        ; Off                ; Off                ;
; Preserve fewer node names                                                  ; On                 ; On                 ;
; Disable OpenCore Plus hardware evaluation                                  ; Off                ; Off                ;
; VHDL Version                                                               ; VHDL_1993          ; VHDL_1993          ;
; State Machine Processing                                                   ; Auto               ; Auto               ;
; Safe State Machine                                                         ; Off                ; Off                ;
; Extract Verilog State Machines                                             ; On                 ; On                 ;
; Extract VHDL State Machines                                                ; On                 ; On                 ;
; Ignore Verilog initial constructs                                          ; Off                ; Off                ;
; Iteration limit for constant Verilog loops                                 ; 5000               ; 5000               ;
; Iteration limit for non-constant Verilog loops                             ; 250                ; 250                ;
; Add Pass-Through Logic to Inferred RAMs                                    ; On                 ; On                 ;
; Infer RAMs from Raw Logic                                                  ; On                 ; On                 ;
; Parallel Synthesis                                                         ; Off                ; Off                ;
; DSP Block Balancing                                                        ; Auto               ; Auto               ;
; NOT Gate Push-Back                                                         ; On                 ; On                 ;
; Power-Up Don't Care                                                        ; On                 ; On                 ;
; Remove Redundant Logic Cells                                               ; Off                ; Off                ;
; Remove Duplicate Registers                                                 ; On                 ; On                 ;
; Ignore CARRY Buffers                                                       ; Off                ; Off                ;
; Ignore CASCADE Buffers                                                     ; Off                ; Off                ;
; Ignore GLOBAL Buffers                                                      ; Off                ; Off                ;
; Ignore ROW GLOBAL Buffers                                                  ; Off                ; Off                ;
; Ignore LCELL Buffers                                                       ; Off                ; Off                ;
; Ignore SOFT Buffers                                                        ; On                 ; On                 ;
; Limit AHDL Integers to 32 Bits                                             ; Off                ; Off                ;
; Optimization Technique                                                     ; Balanced           ; Balanced           ;
; Carry Chain Length                                                         ; 70                 ; 70                 ;
; Auto Carry Chains                                                          ; On                 ; On                 ;
; Auto Open-Drain Pins                                                       ; On                 ; On                 ;
; Perform WYSIWYG Primitive Resynthesis                                      ; Off                ; Off                ;
; Auto ROM Replacement                                                       ; On                 ; On                 ;
; Auto RAM Replacement                                                       ; On                 ; On                 ;
; Auto Shift Register Replacement                                            ; Auto               ; Auto               ;
; Allow Shift Register Merging across Hierarchies                            ; Auto               ; Auto               ;
; Auto Clock Enable Replacement                                              ; On                 ; On                 ;
; Strict RAM Replacement                                                     ; Off                ; Off                ;
; Allow Synchronous Control Signals                                          ; On                 ; On                 ;
; Force Use of Synchronous Clear Signals                                     ; Off                ; Off                ;
; Auto RAM to Logic Cell Conversion                                          ; Off                ; Off                ;
; Auto Resource Sharing                                                      ; Off                ; Off                ;
; Allow Any RAM Size For Recognition                                         ; Off                ; Off                ;
; Allow Any ROM Size For Recognition                                         ; Off                ; Off                ;
; Allow Any Shift Register Size For Recognition                              ; Off                ; Off                ;
; Use LogicLock Constraints during Resource Balancing                        ; On                 ; On                 ;
; Ignore translate_off and synthesis_off directives                          ; Off                ; Off                ;
; Timing-Driven Synthesis                                                    ; Off                ; Off                ;
; Report Parameter Settings                                                  ; On                 ; On                 ;
; Report Source Assignments                                                  ; On                 ; On                 ;
; Report Connectivity Checks                                                 ; On                 ; On                 ;
; Ignore Maximum Fan-Out Assignments                                         ; Off                ; Off                ;
; Synchronization Register Chain Length                                      ; 2                  ; 2                  ;
; PowerPlay Power Optimization                                               ; Normal compilation ; Normal compilation ;
; HDL message level                                                          ; Level2             ; Level2             ;
; Suppress Register Optimization Related Messages                            ; Off                ; Off                ;
; Number of Removed Registers Reported in Synthesis Report                   ; 5000               ; 5000               ;
; Number of Swept Nodes Reported in Synthesis Report                         ; 5000               ; 5000               ;
; Number of Inverted Registers Reported in Synthesis Report                  ; 100                ; 100                ;
; Clock MUX Protection                                                       ; On                 ; On                 ;
; Auto Gated Clock Conversion                                                ; Off                ; Off                ;
; Block Design Naming                                                        ; Auto               ; Auto               ;
; SDC constraint protection                                                  ; Off                ; Off                ;
; Synthesis Effort                                                           ; Auto               ; Auto               ;
; Shift Register Replacement - Allow Asynchronous Clear Signal               ; On                 ; On                 ;
; Pre-Mapping Resynthesis Optimization                                       ; Off                ; Off                ;
; Analysis & Synthesis Message Level                                         ; Medium             ; Medium             ;
; Disable Register Merging Across Hierarchies                                ; Auto               ; Auto               ;
; Resource Aware Inference For Block RAM                                     ; On                 ; On                 ;
; Synthesis Seed                                                             ; 1                  ; 1                  ;
+----------------------------------------------------------------------------+--------------------+--------------------+


Parallel compilation was disabled, but you have multiple processors available. Enable parallel compilation to reduce compilation time.
+-------------------------------------+
; Parallel Compilation                ;
+----------------------------+--------+
; Processors                 ; Number ;
+----------------------------+--------+
; Number detected on machine ; 8      ;
; Maximum allowed            ; 1      ;
+----------------------------+--------+


+----------------------------------------------------------------------------------------------------------------------------------------+
; Analysis & Synthesis Source Files Read                                                                                                 ;
+----------------------------------+-----------------+------------------------------+------------------------------------------+---------+
; File Name with User-Entered Path ; Used in Netlist ; File Type                    ; File Name with Absolute Path             ; Library ;
+----------------------------------+-----------------+------------------------------+------------------------------------------+---------+
; UART.sv                          ; yes             ; User SystemVerilog HDL File  ; C:/Hercu-NES/Code/FPGA-Nercu-NES/UART.sv ;         ;
; NoES.sv                          ; yes             ; User SystemVerilog HDL File  ; C:/Hercu-NES/Code/FPGA-Nercu-NES/NoES.sv ;         ;
+----------------------------------+-----------------+------------------------------+------------------------------------------+---------+


+--------------------------------------------------------+
; Analysis & Synthesis Resource Usage Summary            ;
+---------------------------------------------+----------+
; Resource                                    ; Usage    ;
+---------------------------------------------+----------+
; Estimated Total logic elements              ; 80       ;
;                                             ;          ;
; Total combinational functions               ; 72       ;
; Logic element usage by number of LUT inputs ;          ;
;     -- 4 input functions                    ; 19       ;
;     -- 3 input functions                    ; 10       ;
;     -- <=2 input functions                  ; 43       ;
;                                             ;          ;
; Logic elements by mode                      ;          ;
;     -- normal mode                          ; 31       ;
;     -- arithmetic mode                      ; 41       ;
;                                             ;          ;
; Total registers                             ; 63       ;
;     -- Dedicated logic registers            ; 63       ;
;     -- I/O registers                        ; 0        ;
;                                             ;          ;
; I/O pins                                    ; 75       ;
; Embedded Multiplier 9-bit elements          ; 0        ;
; Maximum fan-out node                        ; CLOCK_50 ;
; Maximum fan-out                             ; 63       ;
; Total fan-out                               ; 418      ;
; Average fan-out                             ; 1.99     ;
+---------------------------------------------+----------+


+---------------------------------------------------------------------------------------------------------------------------------------------------------------------------------+
; Analysis & Synthesis Resource Utilization by Entity                                                                                                                             ;
+----------------------------+-------------------+--------------+-------------+--------------+---------+-----------+------+--------------+-------------------------+--------------+
; Compilation Hierarchy Node ; LC Combinationals ; LC Registers ; Memory Bits ; DSP Elements ; DSP 9x9 ; DSP 18x18 ; Pins ; Virtual Pins ; Full Hierarchy Name     ; Library Name ;
+----------------------------+-------------------+--------------+-------------+--------------+---------+-----------+------+--------------+-------------------------+--------------+
; |NoES                      ; 72 (18)           ; 63 (25)      ; 0           ; 0            ; 0       ; 0         ; 75   ; 0            ; |NoES                   ;              ;
;    |UartTransmit:uart|     ; 54 (54)           ; 38 (38)      ; 0           ; 0            ; 0       ; 0         ; 0    ; 0            ; |NoES|UartTransmit:uart ;              ;
+----------------------------+-------------------+--------------+-------------+--------------+---------+-----------+------+--------------+-------------------------+--------------+
Note: For table entries with two numbers listed, the numbers in parentheses indicate the number of resources of the given type used by the specific entity alone. The numbers listed outside of parentheses indicate the total resources of the given type used by the specific entity and all of its sub-entities in the hierarchy.


+------------------------------------------------------+
; General Register Statistics                          ;
+----------------------------------------------+-------+
; Statistic                                    ; Value ;
+----------------------------------------------+-------+
; Total registers                              ; 63    ;
; Number of registers using Synchronous Clear  ; 43    ;
; Number of registers using Synchronous Load   ; 8     ;
; Number of registers using Asynchronous Clear ; 0     ;
; Number of registers using Asynchronous Load  ; 0     ;
; Number of registers using Clock Enable       ; 24    ;
; Number of registers using Preset             ; 0     ;
+----------------------------------------------+-------+


+------------------------------------------------------------------------------------------------------------------------------------------------------+
; Multiplexer Restructuring Statistics (Restructuring Performed)                                                                                       ;
+--------------------+-----------+---------------+----------------------+------------------------+------------+----------------------------------------+
; Multiplexer Inputs ; Bus Width ; Baseline Area ; Area if Restructured ; Saving if Restructured ; Registered ; Example Multiplexer Output             ;
+--------------------+-----------+---------------+----------------------+------------------------+------------+----------------------------------------+
; 3:1                ; 16 bits   ; 32 LEs        ; 16 LEs               ; 16 LEs                 ; Yes        ; |NoES|address[6]                       ;
; 3:1                ; 8 bits    ; 16 LEs        ; 8 LEs                ; 8 LEs                  ; Yes        ; |NoES|UartTransmit:uart|transmitReg[2] ;
+--------------------+-----------+---------------+----------------------+------------------------+------------+----------------------------------------+


+----------------------------------------------------------------+
; Parameter Settings for User Entity Instance: UartTransmit:uart ;
+----------------+----------+------------------------------------+
; Parameter Name ; Value    ; Type                               ;
+----------------+----------+------------------------------------+
; BAUD_RATE      ; 9600     ; Signed Integer                     ;
; CLOCK_SPEED    ; 50000000 ; Signed Integer                     ;
+----------------+----------+------------------------------------+
Note: In order to hide this table in the UI and the text report file, please set the "Show Parameter Settings in Synthesis Report" option in "Analysis and Synthesis Settings -> More Settings" to "Off".


+-------------------------------+
; Elapsed Time Per Partition    ;
+----------------+--------------+
; Partition Name ; Elapsed Time ;
+----------------+--------------+
; Top            ; 00:00:00     ;
+----------------+--------------+


+-------------------------------+
; Analysis & Synthesis Messages ;
+-------------------------------+
Info: *******************************************************************
Info: Running Quartus II 64-Bit Analysis & Synthesis
    Info: Version 13.0.0 Build 156 04/24/2013 SJ Web Edition
    Info: Processing started: Sat Oct 14 19:56:35 2017
Info: Command: quartus_map --read_settings_files=on --write_settings_files=off NoES -c NoES
Warning (20028): Parallel compilation is not licensed and has been disabled
Info (12021): Found 3 design units, including 3 entities, in source file uart.sv
    Info (12023): Found entity 1: UartTransmit
    Info (12023): Found entity 2: UartReceive
    Info (12023): Found entity 3: Char2Hex
Info (12021): Found 1 design units, including 1 entities, in source file cpu_module-template.sv
    Info (12023): Found entity 1: NesCpu
Info (12021): Found 1 design units, including 1 entities, in source file noes.sv
    Info (12023): Found entity 1: NoES
Info (12021): Found 1 design units, including 1 entities, in source file ppu_module-template.sv
    Info (12023): Found entity 1: NesPpu
Info (12021): Found 1 design units, including 1 entities, in source file sn74ls373n.sv
    Info (12023): Found entity 1: SN74LS373N
Info (12021): Found 1 design units, including 1 entities, in source file sram.v
    Info (12023): Found entity 1: SRAM
Info (12021): Found 1 design units, including 1 entities, in source file datamultiplexer.sv
    Info (12023): Found entity 1: DataMultiplexer
Info (12127): Elaborating entity "NoES" for the top level hierarchy
Warning (10230): Verilog HDL assignment warning at NoES.sv(46): truncated value with size 32 to match size of target (16)
Warning (10034): Output port "PPU_A" at NoES.sv(20) has no driver
Warning (10034): Output port "CPU_RW" at NoES.sv(12) has no driver
Warning (10034): Output port "SYSTEM_CLK" at NoES.sv(14) has no driver
Warning (10034): Output port "M2" at NoES.sv(15) has no driver
Warning (10034): Output port "PPU_WR" at NoES.sv(17) has no driver
Warning (10034): Output port "PPU_A13" at NoES.sv(18) has no driver
Info (12128): Elaborating entity "UartTransmit" for hierarchy "UartTransmit:uart"
Warning (10230): Verilog HDL assignment warning at UART.sv(49): truncated value with size 32 to match size of target (27)
Warning (13039): The following bidir pins have no drivers
    Warning (13040): Bidir "CPU_D[0]" has no driver
    Warning (13040): Bidir "CPU_D[1]" has no driver
    Warning (13040): Bidir "CPU_D[2]" has no driver
    Warning (13040): Bidir "CPU_D[3]" has no driver
    Warning (13040): Bidir "CPU_D[4]" has no driver
    Warning (13040): Bidir "CPU_D[5]" has no driver
    Warning (13040): Bidir "CPU_D[6]" has no driver
    Warning (13040): Bidir "CPU_D[7]" has no driver
    Warning (13040): Bidir "PPU_D[0]" has no driver
    Warning (13040): Bidir "PPU_D[1]" has no driver
    Warning (13040): Bidir "PPU_D[2]" has no driver
    Warning (13040): Bidir "PPU_D[3]" has no driver
    Warning (13040): Bidir "PPU_D[4]" has no driver
    Warning (13040): Bidir "PPU_D[5]" has no driver
    Warning (13040): Bidir "PPU_D[6]" has no driver
    Warning (13040): Bidir "PPU_D[7]" has no driver
Warning (13024): Output pins are stuck at VCC or GND
    Warning (13410): Pin "CPU_RW" is stuck at GND
    Warning (13410): Pin "PPU_RD" is stuck at GND
    Warning (13410): Pin "SYSTEM_CLK" is stuck at GND
    Warning (13410): Pin "M2" is stuck at GND
    Warning (13410): Pin "ROMSEL" is stuck at GND
    Warning (13410): Pin "PPU_WR" is stuck at GND
    Warning (13410): Pin "PPU_A13" is stuck at GND
    Warning (13410): Pin "CPU_A[10]" is stuck at GND
    Warning (13410): Pin "CPU_A[11]" is stuck at GND
    Warning (13410): Pin "CPU_A[12]" is stuck at GND
    Warning (13410): Pin "CPU_A[13]" is stuck at GND
    Warning (13410): Pin "CPU_A[14]" is stuck at GND
    Warning (13410): Pin "PPU_A[0]" is stuck at GND
    Warning (13410): Pin "PPU_A[1]" is stuck at GND
    Warning (13410): Pin "PPU_A[2]" is stuck at GND
    Warning (13410): Pin "PPU_A[3]" is stuck at GND
    Warning (13410): Pin "PPU_A[4]" is stuck at GND
    Warning (13410): Pin "PPU_A[5]" is stuck at GND
    Warning (13410): Pin "PPU_A[6]" is stuck at GND
    Warning (13410): Pin "PPU_A[7]" is stuck at GND
    Warning (13410): Pin "PPU_A[8]" is stuck at GND
    Warning (13410): Pin "PPU_A[9]" is stuck at GND
    Warning (13410): Pin "PPU_A[10]" is stuck at GND
    Warning (13410): Pin "PPU_A[11]" is stuck at GND
    Warning (13410): Pin "PPU_A[12]" is stuck at GND
    Warning (13410): Pin "PPU_A[13]" is stuck at GND
Warning (18029): Output pin "LEDG[0]" driven by bidirectional pin "CPU_D[0]" cannot be tri-stated
Warning (18029): Output pin "LEDG[1]" driven by bidirectional pin "CPU_D[1]" cannot be tri-stated
Warning (18029): Output pin "LEDG[2]" driven by bidirectional pin "CPU_D[2]" cannot be tri-stated
Warning (18029): Output pin "LEDG[3]" driven by bidirectional pin "CPU_D[3]" cannot be tri-stated
Warning (18029): Output pin "LEDG[4]" driven by bidirectional pin "CPU_D[4]" cannot be tri-stated
Warning (18029): Output pin "LEDG[5]" driven by bidirectional pin "CPU_D[5]" cannot be tri-stated
Warning (18029): Output pin "LEDG[6]" driven by bidirectional pin "CPU_D[6]" cannot be tri-stated
Warning (18029): Output pin "LEDG[7]" driven by bidirectional pin "CPU_D[7]" cannot be tri-stated
Info (144001): Generated suppressed messages file C:/Hercu-NES/Code/FPGA-Nercu-NES/NoES.map.smsg
Info (16010): Generating hard_block partition "hard_block:auto_generated_inst"
    Info (16011): Adding 0 node(s), including 0 DDIO, 0 PLL, 0 transceiver and 0 LCELL
Warning (21074): Design contains 3 input pin(s) that do not drive logic
    Warning (15610): No output dependent on input pin "CIRAM_A10"
    Warning (15610): No output dependent on input pin "CIRAM_CE"
    Warning (15610): No output dependent on input pin "IRQ"
Info (21057): Implemented 156 device resources after synthesis - the final resource count might be different
    Info (21058): Implemented 14 input pins
    Info (21059): Implemented 45 output pins
    Info (21060): Implemented 16 bidirectional pins
    Info (21061): Implemented 81 logic cells
Info: Quartus II 64-Bit Analysis & Synthesis was successful. 0 errors, 65 warnings
    Info: Peak virtual memory: 457 megabytes
    Info: Processing ended: Sat Oct 14 19:56:36 2017
    Info: Elapsed time: 00:00:01
    Info: Total CPU time (on all processors): 00:00:01


+------------------------------------------+
; Analysis & Synthesis Suppressed Messages ;
+------------------------------------------+
The suppressed messages can be found in C:/Hercu-NES/Code/FPGA-Nercu-NES/NoES.map.smsg.


