Flow report for NoES
<<<<<<< HEAD
<<<<<<< HEAD
Sun Oct 15 13:08:45 2017
=======
Mon Oct 16 19:46:12 2017
>>>>>>> refs/remotes/origin/Cody
=======
Wed Oct 25 18:03:09 2017
>>>>>>> refs/remotes/origin/Ryan
Quartus II 64-Bit Version 13.0.0 Build 156 04/24/2013 SJ Web Edition


---------------------
; Table of Contents ;
---------------------
  1. Legal Notice
  2. Flow Summary
  3. Flow Settings
  4. Flow Non-Default Global Settings
  5. Flow Elapsed Time
  6. Flow OS Summary
  7. Flow Log
  8. Flow Messages
  9. Flow Suppressed Messages



----------------
; Legal Notice ;
----------------
Copyright (C) 1991-2013 Altera Corporation
Your use of Altera Corporation's design tools, logic functions 
and other software and tools, and its AMPP partner logic 
functions, and any output files from any of the foregoing 
(including device programming or simulation files), and any 
associated documentation or information are expressly subject 
to the terms and conditions of the Altera Program License 
Subscription Agreement, Altera MegaCore Function License 
Agreement, or other applicable license agreement, including, 
without limitation, that your use is for the sole purpose of 
programming logic devices manufactured by Altera and sold by 
Altera or its authorized distributors.  Please refer to the 
applicable agreement for further details.



+---------------------------------------------------------------------------------+
; Flow Summary                                                                    ;
+------------------------------------+--------------------------------------------+
<<<<<<< HEAD
<<<<<<< HEAD
; Flow Status                        ; Successful - Sun Oct 15 13:08:45 2017      ;
=======
; Flow Status                        ; Successful - Mon Oct 16 19:46:12 2017      ;
>>>>>>> refs/remotes/origin/Cody
=======
; Flow Status                        ; Successful - Wed Oct 25 18:03:09 2017      ;
>>>>>>> refs/remotes/origin/Ryan
; Quartus II 64-Bit Version          ; 13.0.0 Build 156 04/24/2013 SJ Web Edition ;
; Revision Name                      ; NoES                                       ;
; Top-level Entity Name              ; NoES                                       ;
; Family                             ; Cyclone II                                 ;
; Device                             ; EP2C20F484C7                               ;
; Timing Models                      ; Final                                      ;
<<<<<<< HEAD
<<<<<<< HEAD
; Total logic elements               ; 78 / 18,752 ( < 1 % )                      ;
;     Total combinational functions  ; 70 / 18,752 ( < 1 % )                      ;
;     Dedicated logic registers      ; 62 / 18,752 ( < 1 % )                      ;
; Total registers                    ; 62                                         ;
; Total pins                         ; 75 / 315 ( 24 % )                          ;
=======
; Total logic elements               ; 45 / 18,752 ( < 1 % )                      ;
;     Total combinational functions  ; 43 / 18,752 ( < 1 % )                      ;
;     Dedicated logic registers      ; 42 / 18,752 ( < 1 % )                      ;
; Total registers                    ; 42                                         ;
=======
; Total logic elements               ; 74 / 18,752 ( < 1 % )                      ;
;     Total combinational functions  ; 55 / 18,752 ( < 1 % )                      ;
;     Dedicated logic registers      ; 61 / 18,752 ( < 1 % )                      ;
; Total registers                    ; 61                                         ;
>>>>>>> refs/remotes/origin/Ryan
; Total pins                         ; 85 / 315 ( 27 % )                          ;
>>>>>>> refs/remotes/origin/Cody
; Total virtual pins                 ; 0                                          ;
; Total memory bits                  ; 0 / 239,616 ( 0 % )                        ;
; Embedded Multiplier 9-bit elements ; 0 / 52 ( 0 % )                             ;
; Total PLLs                         ; 0 / 4 ( 0 % )                              ;
+------------------------------------+--------------------------------------------+


+-----------------------------------------+
; Flow Settings                           ;
+-------------------+---------------------+
; Option            ; Setting             ;
+-------------------+---------------------+
<<<<<<< HEAD
<<<<<<< HEAD
; Start date & time ; 10/15/2017 13:08:33 ;
=======
; Start date & time ; 10/16/2017 19:45:57 ;
>>>>>>> refs/remotes/origin/Cody
=======
; Start date & time ; 10/25/2017 18:02:51 ;
>>>>>>> refs/remotes/origin/Ryan
; Main task         ; Compilation         ;
; Revision Name     ; NoES                ;
+-------------------+---------------------+


+----------------------------------------------------------------------------------------------------------------------------------+
; Flow Non-Default Global Settings                                                                                                 ;
+-------------------------------------+---------------------------------------+---------------+-------------+----------------------+
; Assignment Name                     ; Value                                 ; Default Value ; Entity Name ; Section Id           ;
+-------------------------------------+---------------------------------------+---------------+-------------+----------------------+
<<<<<<< HEAD
<<<<<<< HEAD
; COMPILER_SIGNATURE_ID               ; 216075651539923.150809811209256       ; --            ; --          ; --                   ;
=======
; COMPILER_SIGNATURE_ID               ; 57623796607400.150820835708556        ; --            ; --          ; --                   ;
>>>>>>> refs/remotes/origin/Cody
=======
; COMPILER_SIGNATURE_ID               ; 147639260321.150897977103972          ; --            ; --          ; --                   ;
>>>>>>> refs/remotes/origin/Ryan
; EDA_DESIGN_ENTRY_SYNTHESIS_TOOL     ; Design Compiler                       ; <None>        ; --          ; --                   ;
; EDA_INPUT_DATA_FORMAT               ; Verilog Hdl                           ; --            ; --          ; eda_design_synthesis ;
; EDA_INPUT_VCC_NAME                  ; Vdd                                   ; --            ; --          ; eda_design_synthesis ;
; EDA_LMF_FILE                        ; altsyn.lmf                            ; --            ; --          ; eda_design_synthesis ;
; EDA_OUTPUT_DATA_FORMAT              ; Verilog                               ; --            ; --          ; eda_simulation       ;
; EDA_OUTPUT_DATA_FORMAT              ; Verilog                               ; --            ; --          ; eda_timing_analysis  ;
; EDA_SIMULATION_TOOL                 ; ModelSim-Altera (Verilog)             ; <None>        ; --          ; --                   ;
; EDA_TIME_SCALE                      ; 1 ps                                  ; --            ; --          ; eda_simulation       ;
; EDA_TIMING_ANALYSIS_TOOL            ; PrimeTime (Verilog)                   ; <None>        ; --          ; --                   ;
; IP_TOOL_NAME                        ; RAM: 1-PORT                           ; --            ; --          ; --                   ;
; IP_TOOL_VERSION                     ; 13.0                                  ; --            ; --          ; --                   ;
; MAX_CORE_JUNCTION_TEMP              ; 85                                    ; --            ; --          ; --                   ;
; MIN_CORE_JUNCTION_TEMP              ; 0                                     ; --            ; --          ; --                   ;
; MISC_FILE                           ; SRAM_inst.v                           ; --            ; --          ; --                   ;
; MISC_FILE                           ; SRAM_bb.v                             ; --            ; --          ; --                   ;
; PARTITION_COLOR                     ; 16764057                              ; --            ; --          ; Top                  ;
; PARTITION_FITTER_PRESERVATION_LEVEL ; PLACEMENT_AND_ROUTING                 ; --            ; --          ; Top                  ;
; PARTITION_NETLIST_TYPE              ; SOURCE                                ; --            ; --          ; Top                  ;
; POWER_BOARD_THERMAL_MODEL           ; None (CONSERVATIVE)                   ; --            ; --          ; --                   ;
; POWER_PRESET_COOLING_SOLUTION       ; 23 MM HEAT SINK WITH 200 LFPM AIRFLOW ; --            ; --          ; --                   ;
; USE_GENERATED_PHYSICAL_CONSTRAINTS  ; Off                                   ; --            ; --          ; eda_palace           ;
; VERILOG_INPUT_VERSION               ; SystemVerilog_2005                    ; Verilog_2001  ; --          ; --                   ;
; VERILOG_SHOW_LMF_MAPPING_MESSAGES   ; Off                                   ; --            ; --          ; --                   ;
+-------------------------------------+---------------------------------------+---------------+-------------+----------------------+


+-------------------------------------------------------------------------------------------------------------------------------+
; Flow Elapsed Time                                                                                                             ;
+---------------------------+--------------+-------------------------+---------------------+------------------------------------+
; Module Name               ; Elapsed Time ; Average Processors Used ; Peak Virtual Memory ; Total CPU Time (on all processors) ;
+---------------------------+--------------+-------------------------+---------------------+------------------------------------+
<<<<<<< HEAD
<<<<<<< HEAD
; Analysis & Synthesis      ; 00:00:01     ; 1.0                     ; 442 MB              ; 00:00:01                           ;
; Fitter                    ; 00:00:06     ; 1.0                     ; 626 MB              ; 00:00:06                           ;
; Assembler                 ; 00:00:02     ; 1.0                     ; 406 MB              ; 00:00:02                           ;
; TimeQuest Timing Analyzer ; 00:00:01     ; 1.0                     ; 388 MB              ; 00:00:01                           ;
; EDA Netlist Writer        ; 00:00:00     ; 1.0                     ; 372 MB              ; 00:00:01                           ;
; Total                     ; 00:00:10     ; --                      ; --                  ; 00:00:11                           ;
=======
; Analysis & Synthesis      ; 00:00:01     ; 1.0                     ; 482 MB              ; 00:00:01                           ;
; Fitter                    ; 00:00:06     ; 1.0                     ; 732 MB              ; 00:00:06                           ;
; Assembler                 ; 00:00:02     ; 1.0                     ; 435 MB              ; 00:00:02                           ;
; TimeQuest Timing Analyzer ; 00:00:01     ; 1.0                     ; 428 MB              ; 00:00:01                           ;
; EDA Netlist Writer        ; 00:00:01     ; 1.0                     ; 401 MB              ; 00:00:01                           ;
; Total                     ; 00:00:11     ; --                      ; --                  ; 00:00:11                           ;
>>>>>>> refs/remotes/origin/Cody
=======
; Analysis & Synthesis      ; 00:00:03     ; 1.0                     ; 450 MB              ; 00:00:02                           ;
; Fitter                    ; 00:00:07     ; 1.0                     ; 628 MB              ; 00:00:07                           ;
; Assembler                 ; 00:00:02     ; 1.0                     ; 410 MB              ; 00:00:02                           ;
; TimeQuest Timing Analyzer ; 00:00:02     ; 1.0                     ; 392 MB              ; 00:00:01                           ;
; EDA Netlist Writer        ; 00:00:01     ; 1.0                     ; 376 MB              ; 00:00:01                           ;
; Total                     ; 00:00:15     ; --                      ; --                  ; 00:00:13                           ;
>>>>>>> refs/remotes/origin/Ryan
+---------------------------+--------------+-------------------------+---------------------+------------------------------------+


+----------------------------------------------------------------------------------------+
; Flow OS Summary                                                                        ;
+---------------------------+------------------+-----------+------------+----------------+
; Module Name               ; Machine Hostname ; OS Name   ; OS Version ; Processor type ;
+---------------------------+------------------+-----------+------------+----------------+
; Analysis & Synthesis      ; BigBadToshiba    ; Windows 7 ; 6.2        ; x86_64         ;
; Fitter                    ; BigBadToshiba    ; Windows 7 ; 6.2        ; x86_64         ;
; Assembler                 ; BigBadToshiba    ; Windows 7 ; 6.2        ; x86_64         ;
; TimeQuest Timing Analyzer ; BigBadToshiba    ; Windows 7 ; 6.2        ; x86_64         ;
; EDA Netlist Writer        ; BigBadToshiba    ; Windows 7 ; 6.2        ; x86_64         ;
+---------------------------+------------------+-----------+------------+----------------+


------------
; Flow Log ;
------------
quartus_map --read_settings_files=on --write_settings_files=off NoES -c NoES
quartus_fit --read_settings_files=off --write_settings_files=off NoES -c NoES
quartus_asm --read_settings_files=off --write_settings_files=off NoES -c NoES
quartus_sta NoES -c NoES
quartus_eda --read_settings_files=off --write_settings_files=off NoES -c NoES



