#-----------------------------------------------------------
# Vivado v2016.4 (64-bit)
# SW Build 1756540 on Mon Jan 23 19:11:23 MST 2017
# IP Build 1755317 on Mon Jan 23 20:30:07 MST 2017
# Start of session at: Mon Nov 20 14:38:44 2017
# Process ID: 23532
# Current directory: C:/Users/Dingler/Documents/GitHub/Hercu-NES/Code/Vivado Simulation/Vivado_Simulation_old_verr
# Command line: vivado.exe -gui_launcher_event rodinguilauncherevent5880 C:\Users\Dingler\Documents\GitHub\Hercu-NES\Code\Vivado Simulation\Vivado_Simulation_old_verr\Vivado_Simulation_old_verr.xpr
# Log file: C:/Users/Dingler/Documents/GitHub/Hercu-NES/Code/Vivado Simulation/Vivado_Simulation_old_verr/vivado.log
# Journal file: C:/Users/Dingler/Documents/GitHub/Hercu-NES/Code/Vivado Simulation/Vivado_Simulation_old_verr\vivado.jou
#-----------------------------------------------------------
start_gui
open_project {C:/Users/Dingler/Documents/GitHub/Hercu-NES/Code/Vivado Simulation/Vivado_Simulation_old_verr/Vivado_Simulation_old_verr.xpr}
INFO: [ProjectBase 1-489] The host OS only allows 260 characters in a normal path. The project is stored in a path with more than 80 characters. If you experience issues with IP, Block Designs, or files not being found, please consider moving the project to a location with a shorter path. Alternately consider using the OS subst command to map part of the path to a drive letter.
Current project path is 'C:/Users/Dingler/Documents/GitHub/Hercu-NES/Code/Vivado Simulation/Vivado_Simulation_old_verr'
Scanning sources...
Finished scanning sources
INFO: [IP_Flow 19-234] Refreshing IP repositories
INFO: [IP_Flow 19-1704] No user IP repositories specified
INFO: [IP_Flow 19-2313] Loaded Vivado IP repository 'C:/Xilinx/Vivado/2016.4/data/ip'.
open_project: Time (s): cpu = 00:00:11 ; elapsed = 00:00:07 . Memory (MB): peak = 739.402 ; gain = 70.598
launch_simulation
INFO: [SIM-utils-51] Simulation object is 'sim_1'
INFO: [USF-XSim-37] Inspecting design source files for 'testbench' in fileset 'sim_1'...
INFO: [USF-XSim-97] Finding global include files...
INFO: [USF-XSim-100] Fetching design files from 'sources_1'...(this may take a while)...
INFO: [USF-XSim-101] Fetching design files from 'sim_1'...
INFO: [USF-XSim-2] XSim::Compile design
INFO: [USF-XSim-61] Executing 'COMPILE and ANALYZE' step in 'C:/Users/Dingler/Documents/GitHub/Hercu-NES/Code/Vivado Simulation/Vivado_Simulation_old_verr/Vivado_Simulation_old_verr.sim/sim_1/behav'
"xvlog -m64 --relax -prj testbench_vlog.prj"
INFO: [VRFC 10-2263] Analyzing SystemVerilog file "C:/Users/Dingler/Documents/GitHub/Hercu-NES/Code/Vivado Simulation/Vivado_Simulation/Vivado_Simulation.srcs/sources_1/new/testbench.sv" into library xil_defaultlib
INFO: [VRFC 10-311] analyzing module testbench
INFO: [VRFC 10-311] analyzing module NesCpu
INFO: [VRFC 10-311] analyzing module NesProgRom
INFO: [VRFC 10-311] analyzing module ANDY
ERROR: [VRFC 10-91] accumulatorAC_In is not declared [C:/Users/Dingler/Documents/GitHub/Hercu-NES/Code/Vivado Simulation/Vivado_Simulation/Vivado_Simulation.srcs/sources_1/new/testbench.sv:519]
ERROR: [VRFC 10-91] stage_Out is not declared [C:/Users/Dingler/Documents/GitHub/Hercu-NES/Code/Vivado Simulation/Vivado_Simulation/Vivado_Simulation.srcs/sources_1/new/testbench.sv:520]
ERROR: [VRFC 10-1241] port accumlatorAC_In is not defined [C:/Users/Dingler/Documents/GitHub/Hercu-NES/Code/Vivado Simulation/Vivado_Simulation/Vivado_Simulation.srcs/sources_1/new/testbench.sv:523]
ERROR: [VRFC 10-91] stage_Out is not declared [C:/Users/Dingler/Documents/GitHub/Hercu-NES/Code/Vivado Simulation/Vivado_Simulation/Vivado_Simulation.srcs/sources_1/new/testbench.sv:540]
ERROR: [VRFC 10-91] accumulatorAC_Out is not declared [C:/Users/Dingler/Documents/GitHub/Hercu-NES/Code/Vivado Simulation/Vivado_Simulation/Vivado_Simulation.srcs/sources_1/new/testbench.sv:544]
ERROR: [VRFC 10-91] stage_Out is not declared [C:/Users/Dingler/Documents/GitHub/Hercu-NES/Code/Vivado Simulation/Vivado_Simulation/Vivado_Simulation.srcs/sources_1/new/testbench.sv:545]
ERROR: [VRFC 10-1040] module ANDY ignored due to previous errors [C:/Users/Dingler/Documents/GitHub/Hercu-NES/Code/Vivado Simulation/Vivado_Simulation/Vivado_Simulation.srcs/sources_1/new/testbench.sv:519]
INFO: [USF-XSim-69] 'compile' step finished in '1' seconds
INFO: [USF-XSim-99] Step results log file:'C:/Users/Dingler/Documents/GitHub/Hercu-NES/Code/Vivado Simulation/Vivado_Simulation_old_verr/Vivado_Simulation_old_verr.sim/sim_1/behav/xvlog.log'
ERROR: [USF-XSim-62] 'compile' step failed with error(s). Please check the Tcl console output or 'C:/Users/Dingler/Documents/GitHub/Hercu-NES/Code/Vivado Simulation/Vivado_Simulation_old_verr/Vivado_Simulation_old_verr.sim/sim_1/behav/xvlog.log' file for more information.
ERROR: [Vivado 12-4473] Detected error while running simulation. Please correct the issue and retry this operation.
ERROR: [Common 17-39] 'launch_simulation' failed due to earlier errors.
launch_simulation
INFO: [SIM-utils-51] Simulation object is 'sim_1'
INFO: [USF-XSim-37] Inspecting design source files for 'testbench' in fileset 'sim_1'...
INFO: [USF-XSim-97] Finding global include files...
INFO: [USF-XSim-100] Fetching design files from 'sources_1'...(this may take a while)...
INFO: [USF-XSim-101] Fetching design files from 'sim_1'...
INFO: [USF-XSim-2] XSim::Compile design
INFO: [USF-XSim-61] Executing 'COMPILE and ANALYZE' step in 'C:/Users/Dingler/Documents/GitHub/Hercu-NES/Code/Vivado Simulation/Vivado_Simulation_old_verr/Vivado_Simulation_old_verr.sim/sim_1/behav'
"xvlog -m64 --relax -prj testbench_vlog.prj"
INFO: [VRFC 10-2263] Analyzing SystemVerilog file "C:/Users/Dingler/Documents/GitHub/Hercu-NES/Code/Vivado Simulation/Vivado_Simulation/Vivado_Simulation.srcs/sources_1/new/testbench.sv" into library xil_defaultlib
INFO: [VRFC 10-311] analyzing module testbench
INFO: [VRFC 10-311] analyzing module NesCpu
INFO: [VRFC 10-311] analyzing module NesProgRom
INFO: [VRFC 10-311] analyzing module ANDY
ERROR: [VRFC 10-91] accumulatorAC_In is not declared [C:/Users/Dingler/Documents/GitHub/Hercu-NES/Code/Vivado Simulation/Vivado_Simulation/Vivado_Simulation.srcs/sources_1/new/testbench.sv:519]
ERROR: [VRFC 10-1241] port accumlatorAC_In is not defined [C:/Users/Dingler/Documents/GitHub/Hercu-NES/Code/Vivado Simulation/Vivado_Simulation/Vivado_Simulation.srcs/sources_1/new/testbench.sv:523]
ERROR: [VRFC 10-91] accumulatorAC_Out is not declared [C:/Users/Dingler/Documents/GitHub/Hercu-NES/Code/Vivado Simulation/Vivado_Simulation/Vivado_Simulation.srcs/sources_1/new/testbench.sv:545]
ERROR: [VRFC 10-1040] module ANDY ignored due to previous errors [C:/Users/Dingler/Documents/GitHub/Hercu-NES/Code/Vivado Simulation/Vivado_Simulation/Vivado_Simulation.srcs/sources_1/new/testbench.sv:519]
INFO: [USF-XSim-69] 'compile' step finished in '1' seconds
INFO: [USF-XSim-99] Step results log file:'C:/Users/Dingler/Documents/GitHub/Hercu-NES/Code/Vivado Simulation/Vivado_Simulation_old_verr/Vivado_Simulation_old_verr.sim/sim_1/behav/xvlog.log'
ERROR: [USF-XSim-62] 'compile' step failed with error(s). Please check the Tcl console output or 'C:/Users/Dingler/Documents/GitHub/Hercu-NES/Code/Vivado Simulation/Vivado_Simulation_old_verr/Vivado_Simulation_old_verr.sim/sim_1/behav/xvlog.log' file for more information.
ERROR: [Vivado 12-4473] Detected error while running simulation. Please correct the issue and retry this operation.
ERROR: [Common 17-39] 'launch_simulation' failed due to earlier errors.
launch_simulation
INFO: [SIM-utils-51] Simulation object is 'sim_1'
INFO: [USF-XSim-37] Inspecting design source files for 'testbench' in fileset 'sim_1'...
INFO: [USF-XSim-97] Finding global include files...
INFO: [USF-XSim-100] Fetching design files from 'sources_1'...(this may take a while)...
INFO: [USF-XSim-101] Fetching design files from 'sim_1'...
INFO: [USF-XSim-2] XSim::Compile design
INFO: [USF-XSim-61] Executing 'COMPILE and ANALYZE' step in 'C:/Users/Dingler/Documents/GitHub/Hercu-NES/Code/Vivado Simulation/Vivado_Simulation_old_verr/Vivado_Simulation_old_verr.sim/sim_1/behav'
"xvlog -m64 --relax -prj testbench_vlog.prj"
INFO: [VRFC 10-2263] Analyzing SystemVerilog file "C:/Users/Dingler/Documents/GitHub/Hercu-NES/Code/Vivado Simulation/Vivado_Simulation/Vivado_Simulation.srcs/sources_1/new/testbench.sv" into library xil_defaultlib
INFO: [VRFC 10-311] analyzing module testbench
INFO: [VRFC 10-311] analyzing module NesCpu
INFO: [VRFC 10-311] analyzing module NesProgRom
INFO: [VRFC 10-311] analyzing module ANDY
ERROR: [VRFC 10-91] accumulatorAC_Out is not declared [C:/Users/Dingler/Documents/GitHub/Hercu-NES/Code/Vivado Simulation/Vivado_Simulation/Vivado_Simulation.srcs/sources_1/new/testbench.sv:545]
ERROR: [VRFC 10-1040] module ANDY ignored due to previous errors [C:/Users/Dingler/Documents/GitHub/Hercu-NES/Code/Vivado Simulation/Vivado_Simulation/Vivado_Simulation.srcs/sources_1/new/testbench.sv:519]
INFO: [USF-XSim-69] 'compile' step finished in '1' seconds
INFO: [USF-XSim-99] Step results log file:'C:/Users/Dingler/Documents/GitHub/Hercu-NES/Code/Vivado Simulation/Vivado_Simulation_old_verr/Vivado_Simulation_old_verr.sim/sim_1/behav/xvlog.log'
ERROR: [USF-XSim-62] 'compile' step failed with error(s). Please check the Tcl console output or 'C:/Users/Dingler/Documents/GitHub/Hercu-NES/Code/Vivado Simulation/Vivado_Simulation_old_verr/Vivado_Simulation_old_verr.sim/sim_1/behav/xvlog.log' file for more information.
ERROR: [Vivado 12-4473] Detected error while running simulation. Please correct the issue and retry this operation.
ERROR: [Common 17-39] 'launch_simulation' failed due to earlier errors.
launch_simulation
INFO: [SIM-utils-51] Simulation object is 'sim_1'
INFO: [USF-XSim-37] Inspecting design source files for 'testbench' in fileset 'sim_1'...
INFO: [USF-XSim-97] Finding global include files...
INFO: [USF-XSim-100] Fetching design files from 'sources_1'...(this may take a while)...
INFO: [USF-XSim-101] Fetching design files from 'sim_1'...
INFO: [USF-XSim-2] XSim::Compile design
INFO: [USF-XSim-61] Executing 'COMPILE and ANALYZE' step in 'C:/Users/Dingler/Documents/GitHub/Hercu-NES/Code/Vivado Simulation/Vivado_Simulation_old_verr/Vivado_Simulation_old_verr.sim/sim_1/behav'
"xvlog -m64 --relax -prj testbench_vlog.prj"
INFO: [VRFC 10-2263] Analyzing SystemVerilog file "C:/Users/Dingler/Documents/GitHub/Hercu-NES/Code/Vivado Simulation/Vivado_Simulation/Vivado_Simulation.srcs/sources_1/new/testbench.sv" into library xil_defaultlib
INFO: [VRFC 10-311] analyzing module testbench
INFO: [VRFC 10-311] analyzing module NesCpu
INFO: [VRFC 10-311] analyzing module NesProgRom
INFO: [VRFC 10-311] analyzing module ANDY
INFO: [VRFC 10-2263] Analyzing Verilog file "C:/Users/Dingler/Documents/GitHub/Hercu-NES/Code/Vivado Simulation/Vivado_Simulation_old_verr/Vivado_Simulation_old_verr.sim/sim_1/behav/glbl.v" into library xil_defaultlib
INFO: [VRFC 10-311] analyzing module glbl
INFO: [USF-XSim-69] 'compile' step finished in '1' seconds
INFO: [USF-XSim-3] XSim::Elaborate design
INFO: [USF-XSim-61] Executing 'ELABORATE' step in 'C:/Users/Dingler/Documents/GitHub/Hercu-NES/Code/Vivado Simulation/Vivado_Simulation_old_verr/Vivado_Simulation_old_verr.sim/sim_1/behav'
Vivado Simulator 2016.4
Copyright 1986-1999, 2001-2016 Xilinx, Inc. All Rights Reserved.
Running: C:/Xilinx/Vivado/2016.4/bin/unwrapped/win64.o/xelab.exe -wto d7c8e9770a8d456dab8cf67869488177 --debug typical --relax --mt 2 -L xil_defaultlib -L unisims_ver -L unimacro_ver -L secureip --snapshot testbench_behav xil_defaultlib.testbench xil_defaultlib.glbl -log elaborate.log 
Using 2 slave threads.
Starting static elaboration
ERROR: [VRFC 10-1658] variable negativeN is driven by invalid combination of procedural drivers [C:/Users/Dingler/Documents/GitHub/Hercu-NES/Code/Vivado Simulation/Vivado_Simulation/Vivado_Simulation.srcs/sources_1/new/testbench.sv:142]
WARNING: [VRFC 10-2066] negativeN driven by this always_ff block should not be driven by any other process [C:/Users/Dingler/Documents/GitHub/Hercu-NES/Code/Vivado Simulation/Vivado_Simulation/Vivado_Simulation.srcs/sources_1/new/testbench.sv:209]
ERROR: [VRFC 10-1658] variable zeroZ is driven by invalid combination of procedural drivers [C:/Users/Dingler/Documents/GitHub/Hercu-NES/Code/Vivado Simulation/Vivado_Simulation/Vivado_Simulation.srcs/sources_1/new/testbench.sv:148]
ERROR: [XSIM 43-3322] Static elaboration of top level Verilog design unit(s) in library work failed.
INFO: [USF-XSim-69] 'elaborate' step finished in '1' seconds
INFO: [USF-XSim-99] Step results log file:'C:/Users/Dingler/Documents/GitHub/Hercu-NES/Code/Vivado Simulation/Vivado_Simulation_old_verr/Vivado_Simulation_old_verr.sim/sim_1/behav/elaborate.log'
ERROR: [USF-XSim-62] 'elaborate' step failed with error(s). Please check the Tcl console output or 'C:/Users/Dingler/Documents/GitHub/Hercu-NES/Code/Vivado Simulation/Vivado_Simulation_old_verr/Vivado_Simulation_old_verr.sim/sim_1/behav/elaborate.log' file for more information.
ERROR: [Vivado 12-4473] Detected error while running simulation. Please correct the issue and retry this operation.
ERROR: [Common 17-39] 'launch_simulation' failed due to earlier errors.
launch_simulation
INFO: [SIM-utils-51] Simulation object is 'sim_1'
INFO: [USF-XSim-37] Inspecting design source files for 'testbench' in fileset 'sim_1'...
INFO: [USF-XSim-97] Finding global include files...
INFO: [USF-XSim-100] Fetching design files from 'sources_1'...(this may take a while)...
INFO: [USF-XSim-101] Fetching design files from 'sim_1'...
INFO: [USF-XSim-2] XSim::Compile design
INFO: [USF-XSim-61] Executing 'COMPILE and ANALYZE' step in 'C:/Users/Dingler/Documents/GitHub/Hercu-NES/Code/Vivado Simulation/Vivado_Simulation_old_verr/Vivado_Simulation_old_verr.sim/sim_1/behav'
"xvlog -m64 --relax -prj testbench_vlog.prj"
INFO: [VRFC 10-2263] Analyzing SystemVerilog file "C:/Users/Dingler/Documents/GitHub/Hercu-NES/Code/Vivado Simulation/Vivado_Simulation/Vivado_Simulation.srcs/sources_1/new/testbench.sv" into library xil_defaultlib
INFO: [VRFC 10-311] analyzing module testbench
INFO: [VRFC 10-311] analyzing module NesCpu
INFO: [VRFC 10-311] analyzing module NesProgRom
INFO: [VRFC 10-311] analyzing module ANDY
INFO: [VRFC 10-2263] Analyzing Verilog file "C:/Users/Dingler/Documents/GitHub/Hercu-NES/Code/Vivado Simulation/Vivado_Simulation_old_verr/Vivado_Simulation_old_verr.sim/sim_1/behav/glbl.v" into library xil_defaultlib
INFO: [VRFC 10-311] analyzing module glbl
INFO: [USF-XSim-69] 'compile' step finished in '1' seconds
INFO: [USF-XSim-3] XSim::Elaborate design
INFO: [USF-XSim-61] Executing 'ELABORATE' step in 'C:/Users/Dingler/Documents/GitHub/Hercu-NES/Code/Vivado Simulation/Vivado_Simulation_old_verr/Vivado_Simulation_old_verr.sim/sim_1/behav'
Vivado Simulator 2016.4
Copyright 1986-1999, 2001-2016 Xilinx, Inc. All Rights Reserved.
Running: C:/Xilinx/Vivado/2016.4/bin/unwrapped/win64.o/xelab.exe -wto d7c8e9770a8d456dab8cf67869488177 --debug typical --relax --mt 2 -L xil_defaultlib -L unisims_ver -L unimacro_ver -L secureip --snapshot testbench_behav xil_defaultlib.testbench xil_defaultlib.glbl -log elaborate.log 
Using 2 slave threads.
Starting static elaboration
Completed static elaboration
Starting simulation data flow analysis
Completed simulation data flow analysis
Time Resolution for simulation is 1ps
Compiling module xil_defaultlib.ANDY
Compiling module xil_defaultlib.NesCpu
Compiling module xil_defaultlib.NesProgRom
Compiling module xil_defaultlib.testbench
Compiling module xil_defaultlib.glbl
Built simulation snapshot testbench_behav

****** Webtalk v2016.4 (64-bit)
  **** SW Build 1756540 on Mon Jan 23 19:11:23 MST 2017
  **** IP Build 1755317 on Mon Jan 23 20:30:07 MST 2017
    ** Copyright 1986-2016 Xilinx, Inc. All Rights Reserved.

source C:/Users/Dingler/Documents/GitHub/Hercu-NES/Code/Vivado -notrace
couldn't read file "C:/Users/Dingler/Documents/GitHub/Hercu-NES/Code/Vivado": no such file or directory
INFO: [Common 17-206] Exiting Webtalk at Mon Nov 20 15:23:51 2017...
run_program: Time (s): cpu = 00:00:00 ; elapsed = 00:00:05 . Memory (MB): peak = 766.734 ; gain = 0.000
INFO: [USF-XSim-69] 'elaborate' step finished in '5' seconds
INFO: [USF-XSim-4] XSim::Simulate design
INFO: [USF-XSim-61] Executing 'SIMULATE' step in 'C:/Users/Dingler/Documents/GitHub/Hercu-NES/Code/Vivado Simulation/Vivado_Simulation_old_verr/Vivado_Simulation_old_verr.sim/sim_1/behav'
INFO: [USF-XSim-98] *** Running xsim
   with args "testbench_behav -key {Behavioral:sim_1:Functional:testbench} -tclbatch {testbench.tcl} -log {simulate.log}"
INFO: [USF-XSim-8] Loading simulator feature
Vivado Simulator 2016.4
Time resolution is 1 ps
source testbench.tcl
# set curr_wave [current_wave_config]
# if { [string length $curr_wave] == 0 } {
#   if { [llength [get_objects]] > 0} {
#     add_wave /
#     set_property needs_save false [current_wave_config]
#   } else {
#      send_msg_id Add_Wave-1 WARNING "No top level signals found. Simulator will start without a wave window. If you want to open a wave window go to 'File->New Waveform Configuration' or type 'create_wave_config' in the TCL console."
#   }
# }
# run 1000ns
INFO: [USF-XSim-96] XSim completed. Design snapshot 'testbench_behav' loaded.
INFO: [USF-XSim-97] XSim simulation ran for 1000ns
launch_simulation: Time (s): cpu = 00:00:03 ; elapsed = 00:00:10 . Memory (MB): peak = 768.047 ; gain = 1.313
restart
INFO: [Simtcl 6-17] Simulation restarted
run 1 us
run 1 us
close_sim
INFO: [Simtcl 6-16] Simulation closed
launch_simulation
INFO: [SIM-utils-51] Simulation object is 'sim_1'
INFO: [USF-XSim-37] Inspecting design source files for 'testbench' in fileset 'sim_1'...
INFO: [USF-XSim-97] Finding global include files...
INFO: [USF-XSim-100] Fetching design files from 'sources_1'...(this may take a while)...
INFO: [USF-XSim-101] Fetching design files from 'sim_1'...
INFO: [USF-XSim-2] XSim::Compile design
INFO: [USF-XSim-61] Executing 'COMPILE and ANALYZE' step in 'C:/Users/Dingler/Documents/GitHub/Hercu-NES/Code/Vivado Simulation/Vivado_Simulation_old_verr/Vivado_Simulation_old_verr.sim/sim_1/behav'
"xvlog -m64 --relax -prj testbench_vlog.prj"
INFO: [VRFC 10-2263] Analyzing SystemVerilog file "C:/Users/Dingler/Documents/GitHub/Hercu-NES/Code/Vivado Simulation/Vivado_Simulation/Vivado_Simulation.srcs/sources_1/new/testbench.sv" into library xil_defaultlib
INFO: [VRFC 10-311] analyzing module testbench
INFO: [VRFC 10-311] analyzing module NesCpu
INFO: [VRFC 10-311] analyzing module NesProgRom
INFO: [VRFC 10-311] analyzing module ANDY
INFO: [VRFC 10-2263] Analyzing Verilog file "C:/Users/Dingler/Documents/GitHub/Hercu-NES/Code/Vivado Simulation/Vivado_Simulation_old_verr/Vivado_Simulation_old_verr.sim/sim_1/behav/glbl.v" into library xil_defaultlib
INFO: [VRFC 10-311] analyzing module glbl
INFO: [USF-XSim-69] 'compile' step finished in '1' seconds
INFO: [USF-XSim-3] XSim::Elaborate design
INFO: [USF-XSim-61] Executing 'ELABORATE' step in 'C:/Users/Dingler/Documents/GitHub/Hercu-NES/Code/Vivado Simulation/Vivado_Simulation_old_verr/Vivado_Simulation_old_verr.sim/sim_1/behav'
Vivado Simulator 2016.4
Copyright 1986-1999, 2001-2016 Xilinx, Inc. All Rights Reserved.
Running: C:/Xilinx/Vivado/2016.4/bin/unwrapped/win64.o/xelab.exe -wto d7c8e9770a8d456dab8cf67869488177 --debug typical --relax --mt 2 -L xil_defaultlib -L unisims_ver -L unimacro_ver -L secureip --snapshot testbench_behav xil_defaultlib.testbench xil_defaultlib.glbl -log elaborate.log 
Using 2 slave threads.
Starting static elaboration
Completed static elaboration
Starting simulation data flow analysis
Completed simulation data flow analysis
Time Resolution for simulation is 1ps
Compiling module xil_defaultlib.ANDY
Compiling module xil_defaultlib.NesCpu
Compiling module xil_defaultlib.NesProgRom
Compiling module xil_defaultlib.testbench
Compiling module xil_defaultlib.glbl
Built simulation snapshot testbench_behav

****** Webtalk v2016.4 (64-bit)
  **** SW Build 1756540 on Mon Jan 23 19:11:23 MST 2017
  **** IP Build 1755317 on Mon Jan 23 20:30:07 MST 2017
    ** Copyright 1986-2016 Xilinx, Inc. All Rights Reserved.

source C:/Users/Dingler/Documents/GitHub/Hercu-NES/Code/Vivado -notrace
couldn't read file "C:/Users/Dingler/Documents/GitHub/Hercu-NES/Code/Vivado": no such file or directory
INFO: [Common 17-206] Exiting Webtalk at Mon Nov 20 15:26:11 2017...
INFO: [USF-XSim-69] 'elaborate' step finished in '2' seconds
INFO: [USF-XSim-4] XSim::Simulate design
INFO: [USF-XSim-61] Executing 'SIMULATE' step in 'C:/Users/Dingler/Documents/GitHub/Hercu-NES/Code/Vivado Simulation/Vivado_Simulation_old_verr/Vivado_Simulation_old_verr.sim/sim_1/behav'
INFO: [USF-XSim-98] *** Running xsim
   with args "testbench_behav -key {Behavioral:sim_1:Functional:testbench} -tclbatch {testbench.tcl} -log {simulate.log}"
INFO: [USF-XSim-8] Loading simulator feature
Vivado Simulator 2016.4
Time resolution is 1 ps
source testbench.tcl
# set curr_wave [current_wave_config]
# if { [string length $curr_wave] == 0 } {
#   if { [llength [get_objects]] > 0} {
#     add_wave /
#     set_property needs_save false [current_wave_config]
#   } else {
#      send_msg_id Add_Wave-1 WARNING "No top level signals found. Simulator will start without a wave window. If you want to open a wave window go to 'File->New Waveform Configuration' or type 'create_wave_config' in the TCL console."
#   }
# }
# run 1000ns
INFO: [USF-XSim-96] XSim completed. Design snapshot 'testbench_behav' loaded.
INFO: [USF-XSim-97] XSim simulation ran for 1000ns
launch_simulation: Time (s): cpu = 00:00:02 ; elapsed = 00:00:05 . Memory (MB): peak = 825.789 ; gain = 0.000
restart
INFO: [Simtcl 6-17] Simulation restarted
run 1 us
run 1 us
run 1 us
close_sim
INFO: [Simtcl 6-16] Simulation closed
launch_simulation
INFO: [SIM-utils-51] Simulation object is 'sim_1'
INFO: [USF-XSim-37] Inspecting design source files for 'testbench' in fileset 'sim_1'...
INFO: [USF-XSim-97] Finding global include files...
INFO: [USF-XSim-100] Fetching design files from 'sources_1'...(this may take a while)...
INFO: [USF-XSim-101] Fetching design files from 'sim_1'...
INFO: [USF-XSim-2] XSim::Compile design
INFO: [USF-XSim-61] Executing 'COMPILE and ANALYZE' step in 'C:/Users/Dingler/Documents/GitHub/Hercu-NES/Code/Vivado Simulation/Vivado_Simulation_old_verr/Vivado_Simulation_old_verr.sim/sim_1/behav'
"xvlog -m64 --relax -prj testbench_vlog.prj"
INFO: [VRFC 10-2263] Analyzing SystemVerilog file "C:/Users/Dingler/Documents/GitHub/Hercu-NES/Code/Vivado Simulation/Vivado_Simulation/Vivado_Simulation.srcs/sources_1/new/testbench.sv" into library xil_defaultlib
INFO: [VRFC 10-311] analyzing module testbench
INFO: [VRFC 10-311] analyzing module NesCpu
INFO: [VRFC 10-311] analyzing module NesProgRom
INFO: [VRFC 10-311] analyzing module ANDY
INFO: [VRFC 10-2263] Analyzing Verilog file "C:/Users/Dingler/Documents/GitHub/Hercu-NES/Code/Vivado Simulation/Vivado_Simulation_old_verr/Vivado_Simulation_old_verr.sim/sim_1/behav/glbl.v" into library xil_defaultlib
INFO: [VRFC 10-311] analyzing module glbl
INFO: [USF-XSim-69] 'compile' step finished in '1' seconds
INFO: [USF-XSim-3] XSim::Elaborate design
INFO: [USF-XSim-61] Executing 'ELABORATE' step in 'C:/Users/Dingler/Documents/GitHub/Hercu-NES/Code/Vivado Simulation/Vivado_Simulation_old_verr/Vivado_Simulation_old_verr.sim/sim_1/behav'
Vivado Simulator 2016.4
Copyright 1986-1999, 2001-2016 Xilinx, Inc. All Rights Reserved.
Running: C:/Xilinx/Vivado/2016.4/bin/unwrapped/win64.o/xelab.exe -wto d7c8e9770a8d456dab8cf67869488177 --debug typical --relax --mt 2 -L xil_defaultlib -L unisims_ver -L unimacro_ver -L secureip --snapshot testbench_behav xil_defaultlib.testbench xil_defaultlib.glbl -log elaborate.log 
Using 2 slave threads.
Starting static elaboration
Completed static elaboration
Starting simulation data flow analysis
Completed simulation data flow analysis
Time Resolution for simulation is 1ps
Compiling module xil_defaultlib.ANDY
Compiling module xil_defaultlib.NesCpu
Compiling module xil_defaultlib.NesProgRom
Compiling module xil_defaultlib.testbench
Compiling module xil_defaultlib.glbl
Built simulation snapshot testbench_behav

****** Webtalk v2016.4 (64-bit)
  **** SW Build 1756540 on Mon Jan 23 19:11:23 MST 2017
  **** IP Build 1755317 on Mon Jan 23 20:30:07 MST 2017
    ** Copyright 1986-2016 Xilinx, Inc. All Rights Reserved.

source C:/Users/Dingler/Documents/GitHub/Hercu-NES/Code/Vivado -notrace
couldn't read file "C:/Users/Dingler/Documents/GitHub/Hercu-NES/Code/Vivado": no such file or directory
INFO: [Common 17-206] Exiting Webtalk at Mon Nov 20 15:44:20 2017...
INFO: [USF-XSim-69] 'elaborate' step finished in '2' seconds
INFO: [USF-XSim-4] XSim::Simulate design
INFO: [USF-XSim-61] Executing 'SIMULATE' step in 'C:/Users/Dingler/Documents/GitHub/Hercu-NES/Code/Vivado Simulation/Vivado_Simulation_old_verr/Vivado_Simulation_old_verr.sim/sim_1/behav'
INFO: [USF-XSim-98] *** Running xsim
   with args "testbench_behav -key {Behavioral:sim_1:Functional:testbench} -tclbatch {testbench.tcl} -log {simulate.log}"
INFO: [USF-XSim-8] Loading simulator feature
Vivado Simulator 2016.4
Time resolution is 1 ps
source testbench.tcl
# set curr_wave [current_wave_config]
# if { [string length $curr_wave] == 0 } {
#   if { [llength [get_objects]] > 0} {
#     add_wave /
#     set_property needs_save false [current_wave_config]
#   } else {
#      send_msg_id Add_Wave-1 WARNING "No top level signals found. Simulator will start without a wave window. If you want to open a wave window go to 'File->New Waveform Configuration' or type 'create_wave_config' in the TCL console."
#   }
# }
# run 1000ns
INFO: [USF-XSim-96] XSim completed. Design snapshot 'testbench_behav' loaded.
INFO: [USF-XSim-97] XSim simulation ran for 1000ns
launch_simulation: Time (s): cpu = 00:00:02 ; elapsed = 00:00:06 . Memory (MB): peak = 833.035 ; gain = 0.000
restart
INFO: [Simtcl 6-17] Simulation restarted
run 1 us
close_sim
INFO: [Simtcl 6-16] Simulation closed
launch_simulation
INFO: [SIM-utils-51] Simulation object is 'sim_1'
INFO: [USF-XSim-37] Inspecting design source files for 'testbench' in fileset 'sim_1'...
INFO: [USF-XSim-97] Finding global include files...
INFO: [USF-XSim-100] Fetching design files from 'sources_1'...(this may take a while)...
INFO: [USF-XSim-101] Fetching design files from 'sim_1'...
INFO: [USF-XSim-2] XSim::Compile design
INFO: [USF-XSim-61] Executing 'COMPILE and ANALYZE' step in 'C:/Users/Dingler/Documents/GitHub/Hercu-NES/Code/Vivado Simulation/Vivado_Simulation_old_verr/Vivado_Simulation_old_verr.sim/sim_1/behav'
"xvlog -m64 --relax -prj testbench_vlog.prj"
INFO: [VRFC 10-2263] Analyzing SystemVerilog file "C:/Users/Dingler/Documents/GitHub/Hercu-NES/Code/Vivado Simulation/Vivado_Simulation/Vivado_Simulation.srcs/sources_1/new/testbench.sv" into library xil_defaultlib
INFO: [VRFC 10-311] analyzing module testbench
INFO: [VRFC 10-311] analyzing module NesCpu
INFO: [VRFC 10-311] analyzing module NesProgRom
INFO: [VRFC 10-311] analyzing module ANDY
INFO: [VRFC 10-2263] Analyzing Verilog file "C:/Users/Dingler/Documents/GitHub/Hercu-NES/Code/Vivado Simulation/Vivado_Simulation_old_verr/Vivado_Simulation_old_verr.sim/sim_1/behav/glbl.v" into library xil_defaultlib
INFO: [VRFC 10-311] analyzing module glbl
INFO: [USF-XSim-69] 'compile' step finished in '1' seconds
INFO: [USF-XSim-3] XSim::Elaborate design
INFO: [USF-XSim-61] Executing 'ELABORATE' step in 'C:/Users/Dingler/Documents/GitHub/Hercu-NES/Code/Vivado Simulation/Vivado_Simulation_old_verr/Vivado_Simulation_old_verr.sim/sim_1/behav'
Vivado Simulator 2016.4
Copyright 1986-1999, 2001-2016 Xilinx, Inc. All Rights Reserved.
Running: C:/Xilinx/Vivado/2016.4/bin/unwrapped/win64.o/xelab.exe -wto d7c8e9770a8d456dab8cf67869488177 --debug typical --relax --mt 2 -L xil_defaultlib -L unisims_ver -L unimacro_ver -L secureip --snapshot testbench_behav xil_defaultlib.testbench xil_defaultlib.glbl -log elaborate.log 
Using 2 slave threads.
Starting static elaboration
Completed static elaboration
Starting simulation data flow analysis
Completed simulation data flow analysis
Time Resolution for simulation is 1ps
Compiling module xil_defaultlib.ANDY
Compiling module xil_defaultlib.NesCpu
Compiling module xil_defaultlib.NesProgRom
Compiling module xil_defaultlib.testbench
Compiling module xil_defaultlib.glbl
Built simulation snapshot testbench_behav

****** Webtalk v2016.4 (64-bit)
  **** SW Build 1756540 on Mon Jan 23 19:11:23 MST 2017
  **** IP Build 1755317 on Mon Jan 23 20:30:07 MST 2017
    ** Copyright 1986-2016 Xilinx, Inc. All Rights Reserved.

source C:/Users/Dingler/Documents/GitHub/Hercu-NES/Code/Vivado -notrace
couldn't read file "C:/Users/Dingler/Documents/GitHub/Hercu-NES/Code/Vivado": no such file or directory
INFO: [Common 17-206] Exiting Webtalk at Mon Nov 20 15:51:56 2017...
INFO: [USF-XSim-69] 'elaborate' step finished in '2' seconds
INFO: [USF-XSim-4] XSim::Simulate design
INFO: [USF-XSim-61] Executing 'SIMULATE' step in 'C:/Users/Dingler/Documents/GitHub/Hercu-NES/Code/Vivado Simulation/Vivado_Simulation_old_verr/Vivado_Simulation_old_verr.sim/sim_1/behav'
INFO: [USF-XSim-98] *** Running xsim
   with args "testbench_behav -key {Behavioral:sim_1:Functional:testbench} -tclbatch {testbench.tcl} -log {simulate.log}"
INFO: [USF-XSim-8] Loading simulator feature
Vivado Simulator 2016.4
Time resolution is 1 ps
source testbench.tcl
# set curr_wave [current_wave_config]
# if { [string length $curr_wave] == 0 } {
#   if { [llength [get_objects]] > 0} {
#     add_wave /
#     set_property needs_save false [current_wave_config]
#   } else {
#      send_msg_id Add_Wave-1 WARNING "No top level signals found. Simulator will start without a wave window. If you want to open a wave window go to 'File->New Waveform Configuration' or type 'create_wave_config' in the TCL console."
#   }
# }
# run 1000ns
INFO: [USF-XSim-96] XSim completed. Design snapshot 'testbench_behav' loaded.
INFO: [USF-XSim-97] XSim simulation ran for 1000ns
launch_simulation: Time (s): cpu = 00:00:01 ; elapsed = 00:00:05 . Memory (MB): peak = 833.035 ; gain = 0.000
restart
INFO: [Simtcl 6-17] Simulation restarted
run 1 us
run 1 us
close_sim
INFO: [Simtcl 6-16] Simulation closed
launch_simulation
INFO: [SIM-utils-51] Simulation object is 'sim_1'
INFO: [USF-XSim-37] Inspecting design source files for 'testbench' in fileset 'sim_1'...
INFO: [USF-XSim-97] Finding global include files...
INFO: [USF-XSim-100] Fetching design files from 'sources_1'...(this may take a while)...
INFO: [USF-XSim-101] Fetching design files from 'sim_1'...
INFO: [USF-XSim-2] XSim::Compile design
INFO: [USF-XSim-61] Executing 'COMPILE and ANALYZE' step in 'C:/Users/Dingler/Documents/GitHub/Hercu-NES/Code/Vivado Simulation/Vivado_Simulation_old_verr/Vivado_Simulation_old_verr.sim/sim_1/behav'
"xvlog -m64 --relax -prj testbench_vlog.prj"
INFO: [VRFC 10-2263] Analyzing SystemVerilog file "C:/Users/Dingler/Documents/GitHub/Hercu-NES/Code/Vivado Simulation/Vivado_Simulation/Vivado_Simulation.srcs/sources_1/new/testbench.sv" into library xil_defaultlib
INFO: [VRFC 10-311] analyzing module testbench
INFO: [VRFC 10-311] analyzing module NesCpu
INFO: [VRFC 10-311] analyzing module NesProgRom
INFO: [VRFC 10-311] analyzing module ANDY
INFO: [VRFC 10-2263] Analyzing Verilog file "C:/Users/Dingler/Documents/GitHub/Hercu-NES/Code/Vivado Simulation/Vivado_Simulation_old_verr/Vivado_Simulation_old_verr.sim/sim_1/behav/glbl.v" into library xil_defaultlib
INFO: [VRFC 10-311] analyzing module glbl
INFO: [USF-XSim-69] 'compile' step finished in '1' seconds
INFO: [USF-XSim-3] XSim::Elaborate design
INFO: [USF-XSim-61] Executing 'ELABORATE' step in 'C:/Users/Dingler/Documents/GitHub/Hercu-NES/Code/Vivado Simulation/Vivado_Simulation_old_verr/Vivado_Simulation_old_verr.sim/sim_1/behav'
Vivado Simulator 2016.4
Copyright 1986-1999, 2001-2016 Xilinx, Inc. All Rights Reserved.
Running: C:/Xilinx/Vivado/2016.4/bin/unwrapped/win64.o/xelab.exe -wto d7c8e9770a8d456dab8cf67869488177 --debug typical --relax --mt 2 -L xil_defaultlib -L unisims_ver -L unimacro_ver -L secureip --snapshot testbench_behav xil_defaultlib.testbench xil_defaultlib.glbl -log elaborate.log 
Using 2 slave threads.
Starting static elaboration
Completed static elaboration
Starting simulation data flow analysis
Completed simulation data flow analysis
Time Resolution for simulation is 1ps
Compiling module xil_defaultlib.ANDY
Compiling module xil_defaultlib.NesCpu
Compiling module xil_defaultlib.NesProgRom
Compiling module xil_defaultlib.testbench
Compiling module xil_defaultlib.glbl
Built simulation snapshot testbench_behav

****** Webtalk v2016.4 (64-bit)
  **** SW Build 1756540 on Mon Jan 23 19:11:23 MST 2017
  **** IP Build 1755317 on Mon Jan 23 20:30:07 MST 2017
    ** Copyright 1986-2016 Xilinx, Inc. All Rights Reserved.

source C:/Users/Dingler/Documents/GitHub/Hercu-NES/Code/Vivado -notrace
couldn't read file "C:/Users/Dingler/Documents/GitHub/Hercu-NES/Code/Vivado": no such file or directory
INFO: [Common 17-206] Exiting Webtalk at Mon Nov 20 16:01:36 2017...
INFO: [USF-XSim-69] 'elaborate' step finished in '2' seconds
INFO: [USF-XSim-4] XSim::Simulate design
INFO: [USF-XSim-61] Executing 'SIMULATE' step in 'C:/Users/Dingler/Documents/GitHub/Hercu-NES/Code/Vivado Simulation/Vivado_Simulation_old_verr/Vivado_Simulation_old_verr.sim/sim_1/behav'
INFO: [USF-XSim-98] *** Running xsim
   with args "testbench_behav -key {Behavioral:sim_1:Functional:testbench} -tclbatch {testbench.tcl} -log {simulate.log}"
INFO: [USF-XSim-8] Loading simulator feature
Vivado Simulator 2016.4
Time resolution is 1 ps
source testbench.tcl
# set curr_wave [current_wave_config]
# if { [string length $curr_wave] == 0 } {
#   if { [llength [get_objects]] > 0} {
#     add_wave /
#     set_property needs_save false [current_wave_config]
#   } else {
#      send_msg_id Add_Wave-1 WARNING "No top level signals found. Simulator will start without a wave window. If you want to open a wave window go to 'File->New Waveform Configuration' or type 'create_wave_config' in the TCL console."
#   }
# }
# run 1000ns
INFO: [USF-XSim-96] XSim completed. Design snapshot 'testbench_behav' loaded.
INFO: [USF-XSim-97] XSim simulation ran for 1000ns
launch_simulation: Time (s): cpu = 00:00:01 ; elapsed = 00:00:06 . Memory (MB): peak = 855.930 ; gain = 0.000
restart
INFO: [Simtcl 6-17] Simulation restarted
run 1 us
run 1 us
run 1 us
run 1 us
close_sim
INFO: [Simtcl 6-16] Simulation closed
exit
INFO: [Common 17-206] Exiting Vivado at Mon Nov 20 18:01:07 2017...
