Copyright 1986-2016 Xilinx, Inc. All Rights Reserved.
-------------------------------------------------------------------------------------------------------------------------------------------------------------
| Tool Version     : Vivado v.2016.4 (win64) Build 1756540 Mon Jan 23 19:11:23 MST 2017
| Date             : Tue Nov 28 21:50:59 2017
| Host             : Killer running 64-bit Service Pack 1  (build 7601)
| Command          : report_power -file LogicAnalyzer_power_routed.rpt -pb LogicAnalyzer_power_summary_routed.pb -rpx LogicAnalyzer_power_routed.rpx
| Design           : LogicAnalyzer
| Device           : xc7a100tcsg324-1
| Design State     : routed
| Grade            : commercial
| Process          : typical
| Characterization : Production
-------------------------------------------------------------------------------------------------------------------------------------------------------------

Power Report

Table of Contents
-----------------
1. Summary
1.1 On-Chip Components
1.2 Power Supply Summary
1.3 Confidence Level
2. Settings
2.1 Environment
2.2 Clock Constraints
3. Detailed Reports
3.1 By Hierarchy

1. Summary
----------

+--------------------------+----------------------------------+
| Total On-Chip Power (W)  | 28.401 (Junction temp exceeded!) |
| Dynamic (W)              | 27.604                           |
| Device Static (W)        | 0.797                            |
| Effective TJA (C/W)      | 4.6                              |
| Max Ambient (C)          | 0.0                              |
| Junction Temperature (C) | 125.0                            |
| Confidence Level         | Low                              |
| Setting File             | ---                              |
| Simulation Activity File | ---                              |
| Design Nets Matched      | NA                               |
+--------------------------+----------------------------------+


1.1 On-Chip Components
----------------------

+----------------+-----------+----------+-----------+-----------------+
| On-Chip        | Power (W) | Used     | Available | Utilization (%) |
+----------------+-----------+----------+-----------+-----------------+
| Slice Logic    |     0.208 |      262 |       --- |             --- |
|   LUT as Logic |     0.168 |      101 |     63400 |            0.16 |
|   CARRY4       |     0.026 |       13 |     15850 |            0.08 |
|   Register     |     0.009 |      115 |    126800 |            0.09 |
|   BUFG         |     0.006 |        1 |        32 |            3.13 |
|   Others       |     0.000 |        4 |       --- |             --- |
| Signals        |     0.671 |      262 |       --- |             --- |
| I/O            |    26.725 |       99 |       210 |           47.14 |
| Static Power   |     0.797 |          |           |                 |
| Total          |    28.401 |          |           |                 |
+----------------+-----------+----------+-----------+-----------------+


1.2 Power Supply Summary
------------------------

+-----------+-------------+-----------+-------------+------------+
| Source    | Voltage (V) | Total (A) | Dynamic (A) | Static (A) |
+-----------+-------------+-----------+-------------+------------+
| Vccint    |       1.000 |     1.599 |       1.036 |      0.563 |
| Vccaux    |       1.800 |     1.066 |       0.974 |      0.093 |
| Vcco33    |       3.300 |     7.524 |       7.520 |      0.004 |
| Vcco25    |       2.500 |     0.000 |       0.000 |      0.000 |
| Vcco18    |       1.800 |     0.000 |       0.000 |      0.000 |
| Vcco15    |       1.500 |     0.000 |       0.000 |      0.000 |
| Vcco135   |       1.350 |     0.000 |       0.000 |      0.000 |
| Vcco12    |       1.200 |     0.000 |       0.000 |      0.000 |
| Vccaux_io |       1.800 |     0.000 |       0.000 |      0.000 |
| Vccbram   |       1.000 |     0.018 |       0.000 |      0.018 |
| MGTAVcc   |       1.000 |     0.000 |       0.000 |      0.000 |
| MGTAVtt   |       1.200 |     0.000 |       0.000 |      0.000 |
| Vccadc    |       1.800 |     0.020 |       0.000 |      0.020 |
+-----------+-------------+-----------+-------------+------------+


1.3 Confidence Level
--------------------

+-----------------------------+------------+--------------------------------------------------------+--------------------------------------------------------------------------------------------------------------------+
| User Input Data             | Confidence | Details                                                | Action                                                                                                             |
+-----------------------------+------------+--------------------------------------------------------+--------------------------------------------------------------------------------------------------------------------+
| Design implementation state | High       | Design is routed                                       |                                                                                                                    |
| Clock nodes activity        | Low        | User specified less than 75% of clocks                 | Provide missing clock activity with a constraint file, simulation results or by editing the "By Clock Domain" view |
| I/O nodes activity          | Low        | More than 75% of inputs are missing user specification | Provide missing input activity with simulation results or by editing the "By Resource Type -> I/Os" view           |
| Internal nodes activity     | Medium     | User specified less than 25% of internal nodes         | Provide missing internal nodes activity with simulation results or by editing the "By Resource Type" views         |
| Device models               | High       | Device models are Production                           |                                                                                                                    |
|                             |            |                                                        |                                                                                                                    |
| Overall confidence level    | Low        |                                                        |                                                                                                                    |
+-----------------------------+------------+--------------------------------------------------------+--------------------------------------------------------------------------------------------------------------------+


2. Settings
-----------

2.1 Environment
---------------

+-----------------------+--------------------------+
| Ambient Temp (C)      | 25.0                     |
| ThetaJA (C/W)         | 4.6                      |
| Airflow (LFM)         | 250                      |
| Heat Sink             | medium (Medium Profile)  |
| ThetaSA (C/W)         | 4.6                      |
| Board Selection       | medium (10"x10")         |
| # of Board Layers     | 12to15 (12 to 15 Layers) |
| Board Temperature (C) | 25.0                     |
+-----------------------+--------------------------+


2.2 Clock Constraints
---------------------

+-------+--------+-----------------+
| Clock | Domain | Constraint (ns) |
+-------+--------+-----------------+


3. Detailed Reports
-------------------

3.1 By Hierarchy
----------------

+------------------------+-----------+
| Name                   | Power (W) |
+------------------------+-----------+
| LogicAnalyzer          |    27.604 |
|   MemDB_IOBUF[0]_inst  |     0.196 |
|   MemDB_IOBUF[10]_inst |     0.197 |
|   MemDB_IOBUF[11]_inst |     0.196 |
|   MemDB_IOBUF[12]_inst |     0.196 |
|   MemDB_IOBUF[13]_inst |     0.196 |
|   MemDB_IOBUF[14]_inst |     0.196 |
|   MemDB_IOBUF[15]_inst |     0.196 |
|   MemDB_IOBUF[1]_inst  |     0.197 |
|   MemDB_IOBUF[2]_inst  |     0.197 |
|   MemDB_IOBUF[3]_inst  |     0.196 |
|   MemDB_IOBUF[4]_inst  |     0.196 |
|   MemDB_IOBUF[5]_inst  |     0.196 |
|   MemDB_IOBUF[6]_inst  |     0.196 |
|   MemDB_IOBUF[7]_inst  |     0.196 |
|   MemDB_IOBUF[8]_inst  |     0.196 |
|   MemDB_IOBUF[9]_inst  |     0.196 |
|   tx                   |     0.130 |
+------------------------+-----------+


