
*** Running vivado
    with args -log LogicAnalyzer.vdi -applog -m64 -product Vivado -messageDb vivado.pb -mode batch -source LogicAnalyzer.tcl -notrace


****** Vivado v2016.4 (64-bit)
  **** SW Build 1756540 on Mon Jan 23 19:11:23 MST 2017
  **** IP Build 1755317 on Mon Jan 23 20:30:07 MST 2017
    ** Copyright 1986-2016 Xilinx, Inc. All Rights Reserved.

source LogicAnalyzer.tcl -notrace
Design is defaulting to srcset: sources_1
Design is defaulting to constrset: constrs_1
INFO: [Netlist 29-17] Analyzing 65 Unisim elements for replacement
INFO: [Netlist 29-28] Unisim Transformation completed in 0 CPU seconds
INFO: [Project 1-479] Netlist was created with Vivado 2016.4
INFO: [Device 21-403] Loading part xc7a100tcsg324-1
INFO: [Project 1-570] Preparing netlist for logic optimization
Parsing XDC File [C:/Hercu-NES/Code/BenLogicAnalyzer/LogicAnalyzer/LogicAnalyzer.srcs/constrs_1/imports/ECE260/Nexys4_Master.xdc]
Finished Parsing XDC File [C:/Hercu-NES/Code/BenLogicAnalyzer/LogicAnalyzer/LogicAnalyzer.srcs/constrs_1/imports/ECE260/Nexys4_Master.xdc]
INFO: [Opt 31-138] Pushed 0 inverter(s) to 0 load pin(s).
INFO: [Project 1-111] Unisim Transformation Summary:
  A total of 16 instances were transformed.
  IOBUF => IOBUF (IBUF, OBUFT): 16 instances

link_design: Time (s): cpu = 00:00:07 ; elapsed = 00:00:07 . Memory (MB): peak = 469.191 ; gain = 258.395
INFO: [Vivado_Tcl 4-424] Cannot write hardware definition file as there are no IPI block design hardware handoff files present
Command: opt_design
Attempting to get a license for feature 'Implementation' and/or device 'xc7a100t'
INFO: [Common 17-349] Got license for feature 'Implementation' and/or device 'xc7a100t'
Running DRC as a precondition to command opt_design

Starting DRC Task
INFO: [DRC 23-27] Running DRC with 2 threads
INFO: [Project 1-461] DRC finished with 0 Errors
INFO: [Project 1-462] Please refer to the DRC report (report_drc) for more information.

Time (s): cpu = 00:00:01 ; elapsed = 00:00:00.688 . Memory (MB): peak = 480.301 ; gain = 11.109
INFO: [Timing 38-35] Done setting XDC timing constraints.

Starting Logic Optimization Task
Implement Debug Cores | Checksum: c52f70b3

Phase 1 Retarget
INFO: [Opt 31-138] Pushed 2 inverter(s) to 8 load pin(s).
INFO: [Opt 31-49] Retargeted 0 cell(s).
Phase 1 Retarget | Checksum: fc9a1630

Time (s): cpu = 00:00:00 ; elapsed = 00:00:00.082 . Memory (MB): peak = 987.195 ; gain = 0.000

Phase 2 Constant propagation
INFO: [Opt 31-138] Pushed 0 inverter(s) to 0 load pin(s).
INFO: [Opt 31-10] Eliminated 0 cells.
Phase 2 Constant propagation | Checksum: fc9a1630

Time (s): cpu = 00:00:00 ; elapsed = 00:00:00.100 . Memory (MB): peak = 987.195 ; gain = 0.000

Phase 3 Sweep
INFO: [Opt 31-12] Eliminated 36 unconnected nets.
INFO: [Opt 31-11] Eliminated 0 unconnected cells.
Phase 3 Sweep | Checksum: 8350bffd

Time (s): cpu = 00:00:00 ; elapsed = 00:00:00.148 . Memory (MB): peak = 987.195 ; gain = 0.000

Phase 4 BUFG optimization
INFO: [Opt 31-12] Eliminated 1 unconnected nets.
INFO: [Opt 31-11] Eliminated 0 unconnected cells.
Phase 4 BUFG optimization | Checksum: 1574465cd

Time (s): cpu = 00:00:00 ; elapsed = 00:00:00.195 . Memory (MB): peak = 987.195 ; gain = 0.000

Starting Connectivity Check Task

Time (s): cpu = 00:00:00 ; elapsed = 00:00:00.001 . Memory (MB): peak = 987.195 ; gain = 0.000
Ending Logic Optimization Task | Checksum: 1574465cd

Time (s): cpu = 00:00:00 ; elapsed = 00:00:00.199 . Memory (MB): peak = 987.195 ; gain = 0.000

Starting Power Optimization Task
INFO: [Pwropt 34-132] Skipping clock gating for clocks with a period < 2.00 ns.
Ending Power Optimization Task | Checksum: 1574465cd

Time (s): cpu = 00:00:00 ; elapsed = 00:00:00.012 . Memory (MB): peak = 987.195 ; gain = 0.000
INFO: [Common 17-83] Releasing license: Implementation
23 Infos, 0 Warnings, 0 Critical Warnings and 0 Errors encountered.
opt_design completed successfully
opt_design: Time (s): cpu = 00:00:17 ; elapsed = 00:00:17 . Memory (MB): peak = 987.195 ; gain = 518.004
Writing placer database...
Writing XDEF routing.
Writing XDEF routing logical nets.
Writing XDEF routing special nets.
Write XDEF Complete: Time (s): cpu = 00:00:00 ; elapsed = 00:00:00.060 . Memory (MB): peak = 987.195 ; gain = 0.000
INFO: [Common 17-1381] The checkpoint 'C:/Hercu-NES/Code/BenLogicAnalyzer/LogicAnalyzer/LogicAnalyzer.runs/impl_1/LogicAnalyzer_opt.dcp' has been generated.
INFO: [DRC 23-27] Running DRC with 2 threads
INFO: [Coretcl 2-168] The results of DRC are in file C:/Hercu-NES/Code/BenLogicAnalyzer/LogicAnalyzer/LogicAnalyzer.runs/impl_1/LogicAnalyzer_drc_opted.rpt.
INFO: [Chipscope 16-241] No debug cores found in the current design.
Before running the implement_debug_core command, either use the Set Up Debug wizard (GUI mode)
or use the create_debug_core and connect_debug_core Tcl commands to insert debug cores into the design.
Command: place_design
Attempting to get a license for feature 'Implementation' and/or device 'xc7a100t'
INFO: [Common 17-349] Got license for feature 'Implementation' and/or device 'xc7a100t'
INFO: [DRC 23-27] Running DRC with 2 threads
INFO: [Vivado_Tcl 4-198] DRC finished with 0 Errors
INFO: [Vivado_Tcl 4-199] Please refer to the DRC report (report_drc) for more information.
Running DRC as a precondition to command place_design
INFO: [DRC 23-27] Running DRC with 2 threads
INFO: [Vivado_Tcl 4-198] DRC finished with 0 Errors
INFO: [Vivado_Tcl 4-199] Please refer to the DRC report (report_drc) for more information.

Starting Placer Task
INFO: [Place 30-611] Multithreading enabled for place_design using a maximum of 2 CPUs

Phase 1 Placer Initialization
Netlist sorting complete. Time (s): cpu = 00:00:00 ; elapsed = 00:00:00.001 . Memory (MB): peak = 987.195 ; gain = 0.000
Netlist sorting complete. Time (s): cpu = 00:00:00 ; elapsed = 00:00:00 . Memory (MB): peak = 987.195 ; gain = 0.000

Phase 1.1 IO Placement/ Clock Placement/ Build Placer Device
INFO: [Timing 38-35] Done setting XDC timing constraints.
Phase 1.1 IO Placement/ Clock Placement/ Build Placer Device | Checksum: a66eed0a

Time (s): cpu = 00:00:03 ; elapsed = 00:00:02 . Memory (MB): peak = 1013.559 ; gain = 26.363

Phase 1.2 Build Placer Netlist Model
Phase 1.2 Build Placer Netlist Model | Checksum: 17f47849a

Time (s): cpu = 00:00:03 ; elapsed = 00:00:02 . Memory (MB): peak = 1013.559 ; gain = 26.363

Phase 1.3 Constrain Clocks/Macros
Phase 1.3 Constrain Clocks/Macros | Checksum: 17f47849a

Time (s): cpu = 00:00:03 ; elapsed = 00:00:02 . Memory (MB): peak = 1013.559 ; gain = 26.363
Phase 1 Placer Initialization | Checksum: 17f47849a

Time (s): cpu = 00:00:03 ; elapsed = 00:00:02 . Memory (MB): peak = 1013.559 ; gain = 26.363

Phase 2 Global Placement
Phase 2 Global Placement | Checksum: 11413e538

Time (s): cpu = 00:00:03 ; elapsed = 00:00:02 . Memory (MB): peak = 1013.559 ; gain = 26.363

Phase 3 Detail Placement

Phase 3.1 Commit Multi Column Macros
Phase 3.1 Commit Multi Column Macros | Checksum: 11413e538

Time (s): cpu = 00:00:03 ; elapsed = 00:00:02 . Memory (MB): peak = 1013.559 ; gain = 26.363

Phase 3.2 Commit Most Macros & LUTRAMs
Phase 3.2 Commit Most Macros & LUTRAMs | Checksum: 1addb04ba

Time (s): cpu = 00:00:03 ; elapsed = 00:00:02 . Memory (MB): peak = 1013.559 ; gain = 26.363

Phase 3.3 Area Swap Optimization
Phase 3.3 Area Swap Optimization | Checksum: 1951aa55e

Time (s): cpu = 00:00:03 ; elapsed = 00:00:02 . Memory (MB): peak = 1013.559 ; gain = 26.363

Phase 3.4 Pipeline Register Optimization
Phase 3.4 Pipeline Register Optimization | Checksum: 1951aa55e

Time (s): cpu = 00:00:03 ; elapsed = 00:00:02 . Memory (MB): peak = 1013.559 ; gain = 26.363

Phase 3.5 Small Shape Detail Placement
Phase 3.5 Small Shape Detail Placement | Checksum: 1b6ee0387

Time (s): cpu = 00:00:03 ; elapsed = 00:00:03 . Memory (MB): peak = 1013.559 ; gain = 26.363

Phase 3.6 Re-assign LUT pins
Phase 3.6 Re-assign LUT pins | Checksum: 1b6ee0387

Time (s): cpu = 00:00:03 ; elapsed = 00:00:03 . Memory (MB): peak = 1013.559 ; gain = 26.363

Phase 3.7 Pipeline Register Optimization
Phase 3.7 Pipeline Register Optimization | Checksum: 1b6ee0387

Time (s): cpu = 00:00:03 ; elapsed = 00:00:03 . Memory (MB): peak = 1013.559 ; gain = 26.363
Phase 3 Detail Placement | Checksum: 1b6ee0387

Time (s): cpu = 00:00:03 ; elapsed = 00:00:03 . Memory (MB): peak = 1013.559 ; gain = 26.363

Phase 4 Post Placement Optimization and Clean-Up

Phase 4.1 Post Commit Optimization
Phase 4.1 Post Commit Optimization | Checksum: 1b6ee0387

Time (s): cpu = 00:00:03 ; elapsed = 00:00:03 . Memory (MB): peak = 1013.559 ; gain = 26.363

Phase 4.2 Post Placement Cleanup
Phase 4.2 Post Placement Cleanup | Checksum: 1b6ee0387

Time (s): cpu = 00:00:03 ; elapsed = 00:00:03 . Memory (MB): peak = 1013.559 ; gain = 26.363

Phase 4.3 Placer Reporting
Phase 4.3 Placer Reporting | Checksum: 1b6ee0387

Time (s): cpu = 00:00:03 ; elapsed = 00:00:03 . Memory (MB): peak = 1013.559 ; gain = 26.363

Phase 4.4 Final Placement Cleanup
Phase 4.4 Final Placement Cleanup | Checksum: 2114cb237

Time (s): cpu = 00:00:03 ; elapsed = 00:00:03 . Memory (MB): peak = 1013.559 ; gain = 26.363
Phase 4 Post Placement Optimization and Clean-Up | Checksum: 2114cb237

Time (s): cpu = 00:00:03 ; elapsed = 00:00:03 . Memory (MB): peak = 1013.559 ; gain = 26.363
Ending Placer Task | Checksum: 13608bdac

Time (s): cpu = 00:00:03 ; elapsed = 00:00:03 . Memory (MB): peak = 1013.559 ; gain = 26.363
INFO: [Common 17-83] Releasing license: Implementation
37 Infos, 0 Warnings, 0 Critical Warnings and 0 Errors encountered.
place_design completed successfully
Writing placer database...
Writing XDEF routing.
Writing XDEF routing logical nets.
Writing XDEF routing special nets.
Write XDEF Complete: Time (s): cpu = 00:00:01 ; elapsed = 00:00:00.085 . Memory (MB): peak = 1013.559 ; gain = 0.000
INFO: [Common 17-1381] The checkpoint 'C:/Hercu-NES/Code/BenLogicAnalyzer/LogicAnalyzer/LogicAnalyzer.runs/impl_1/LogicAnalyzer_placed.dcp' has been generated.
report_io: Time (s): cpu = 00:00:00 ; elapsed = 00:00:00.121 . Memory (MB): peak = 1013.559 ; gain = 0.000
report_utilization: Time (s): cpu = 00:00:00 ; elapsed = 00:00:00.029 . Memory (MB): peak = 1013.559 ; gain = 0.000
report_control_sets: Time (s): cpu = 00:00:00 ; elapsed = 00:00:00.004 . Memory (MB): peak = 1013.559 ; gain = 0.000
Command: route_design
Attempting to get a license for feature 'Implementation' and/or device 'xc7a100t'
INFO: [Common 17-349] Got license for feature 'Implementation' and/or device 'xc7a100t'
Running DRC as a precondition to command route_design
INFO: [DRC 23-27] Running DRC with 2 threads
INFO: [Vivado_Tcl 4-198] DRC finished with 0 Errors
INFO: [Vivado_Tcl 4-199] Please refer to the DRC report (report_drc) for more information.


Starting Routing Task
INFO: [Route 35-254] Multithreading enabled for route_design using a maximum of 2 CPUs
Checksum: PlaceDB: 81fee7f8 ConstDB: 0 ShapeSum: b409d5b4 RouteDB: 0

Phase 1 Build RT Design
Phase 1 Build RT Design | Checksum: 12c1a95ff

Time (s): cpu = 00:00:43 ; elapsed = 00:00:39 . Memory (MB): peak = 1124.320 ; gain = 110.762

Phase 2 Router Initialization
INFO: [Route 35-64] No timing constraints were detected. The router will operate in resource-optimization mode.

Phase 2.1 Fix Topology Constraints
Phase 2.1 Fix Topology Constraints | Checksum: 12c1a95ff

Time (s): cpu = 00:00:43 ; elapsed = 00:00:39 . Memory (MB): peak = 1129.000 ; gain = 115.441

Phase 2.2 Pre Route Cleanup
Phase 2.2 Pre Route Cleanup | Checksum: 12c1a95ff

Time (s): cpu = 00:00:43 ; elapsed = 00:00:39 . Memory (MB): peak = 1129.000 ; gain = 115.441
 Number of Nodes with overlaps = 0
Phase 2 Router Initialization | Checksum: 10f693205

Time (s): cpu = 00:00:43 ; elapsed = 00:00:39 . Memory (MB): peak = 1144.645 ; gain = 131.086

Phase 3 Initial Routing
Phase 3 Initial Routing | Checksum: 10a9d5188

Time (s): cpu = 00:00:44 ; elapsed = 00:00:39 . Memory (MB): peak = 1144.645 ; gain = 131.086

Phase 4 Rip-up And Reroute

Phase 4.1 Global Iteration 0
 Number of Nodes with overlaps = 14
 Number of Nodes with overlaps = 0
Phase 4.1 Global Iteration 0 | Checksum: c183e2e3

Time (s): cpu = 00:00:44 ; elapsed = 00:00:39 . Memory (MB): peak = 1144.645 ; gain = 131.086
Phase 4 Rip-up And Reroute | Checksum: c183e2e3

Time (s): cpu = 00:00:44 ; elapsed = 00:00:39 . Memory (MB): peak = 1144.645 ; gain = 131.086

Phase 5 Delay and Skew Optimization
Phase 5 Delay and Skew Optimization | Checksum: c183e2e3

Time (s): cpu = 00:00:44 ; elapsed = 00:00:39 . Memory (MB): peak = 1144.645 ; gain = 131.086

Phase 6 Post Hold Fix

Phase 6.1 Hold Fix Iter
Phase 6.1 Hold Fix Iter | Checksum: c183e2e3

Time (s): cpu = 00:00:44 ; elapsed = 00:00:39 . Memory (MB): peak = 1144.645 ; gain = 131.086
Phase 6 Post Hold Fix | Checksum: c183e2e3

Time (s): cpu = 00:00:44 ; elapsed = 00:00:39 . Memory (MB): peak = 1144.645 ; gain = 131.086

Phase 7 Route finalize

Router Utilization Summary
  Global Vertical Routing Utilization    = 0.113548 %
  Global Horizontal Routing Utilization  = 0.147201 %
  Routable Net Status*
  *Does not include unroutable nets such as driverless and loadless.
  Run report_route_status for detailed report.
  Number of Failed Nets               = 0
  Number of Unrouted Nets             = 0
  Number of Partially Routed Nets     = 0
  Number of Node Overlaps             = 0

Congestion Report
North Dir 1x1 Area, Max Cong = 47.7477%, No Congested Regions.
South Dir 1x1 Area, Max Cong = 29.7297%, No Congested Regions.
East Dir 1x1 Area, Max Cong = 27.9412%, No Congested Regions.
West Dir 1x1 Area, Max Cong = 25%, No Congested Regions.
Phase 7 Route finalize | Checksum: c183e2e3

Time (s): cpu = 00:00:44 ; elapsed = 00:00:39 . Memory (MB): peak = 1144.645 ; gain = 131.086

Phase 8 Verifying routed nets

 Verification completed successfully
Phase 8 Verifying routed nets | Checksum: c183e2e3

Time (s): cpu = 00:00:44 ; elapsed = 00:00:39 . Memory (MB): peak = 1144.645 ; gain = 131.086

Phase 9 Depositing Routes
Phase 9 Depositing Routes | Checksum: aba72593

Time (s): cpu = 00:00:44 ; elapsed = 00:00:39 . Memory (MB): peak = 1144.645 ; gain = 131.086
INFO: [Route 35-16] Router Completed Successfully

Time (s): cpu = 00:00:44 ; elapsed = 00:00:39 . Memory (MB): peak = 1144.645 ; gain = 131.086

Routing Is Done.
INFO: [Common 17-83] Releasing license: Implementation
46 Infos, 0 Warnings, 0 Critical Warnings and 0 Errors encountered.
route_design completed successfully
route_design: Time (s): cpu = 00:00:46 ; elapsed = 00:00:40 . Memory (MB): peak = 1144.645 ; gain = 131.086
Writing placer database...
Writing XDEF routing.
Writing XDEF routing logical nets.
Writing XDEF routing special nets.
Write XDEF Complete: Time (s): cpu = 00:00:00 ; elapsed = 00:00:00.102 . Memory (MB): peak = 1144.645 ; gain = 0.000
INFO: [Common 17-1381] The checkpoint 'C:/Hercu-NES/Code/BenLogicAnalyzer/LogicAnalyzer/LogicAnalyzer.runs/impl_1/LogicAnalyzer_routed.dcp' has been generated.
INFO: [DRC 23-27] Running DRC with 2 threads
INFO: [Coretcl 2-168] The results of DRC are in file C:/Hercu-NES/Code/BenLogicAnalyzer/LogicAnalyzer/LogicAnalyzer.runs/impl_1/LogicAnalyzer_drc_routed.rpt.
INFO: [Timing 38-35] Done setting XDC timing constraints.
INFO: [DRC 23-133] Running Methodology with 2 threads
INFO: [Coretcl 2-1520] The results of Report Methodology are in file C:/Hercu-NES/Code/BenLogicAnalyzer/LogicAnalyzer/LogicAnalyzer.runs/impl_1/LogicAnalyzer_methodology_drc_routed.rpt.
INFO: [Timing 38-35] Done setting XDC timing constraints.
INFO: [Timing 38-91] UpdateTimingParams: Speed grade: -1, Delay Type: min_max.
INFO: [Timing 38-191] Multithreading enabled for timing update using a maximum of 2 CPUs
INFO: [Timing 38-35] Done setting XDC timing constraints.
WARNING: [Timing 38-313] There are no user specified timing constraints. Timing constraints are needed for proper timing analysis.
Command: report_power -file LogicAnalyzer_power_routed.rpt -pb LogicAnalyzer_power_summary_routed.pb -rpx LogicAnalyzer_power_routed.rpx
WARNING: [Power 33-232] No user defined clocks were found in the design!
Resolution: Please specify clocks using create_clock/create_generated_clock for sequential elements. For pure combinatorial circuits, please specify a virtual clock, otherwise the vectorless estimation might be inaccurate
Running Vector-less Activity Propagation...

Finished Running Vector-less Activity Propagation
56 Infos, 2 Warnings, 0 Critical Warnings and 0 Errors encountered.
report_power completed successfully
Command: write_bitstream -force -no_partial_bitfile LogicAnalyzer.bit
Attempting to get a license for feature 'Implementation' and/or device 'xc7a100t'
INFO: [Common 17-349] Got license for feature 'Implementation' and/or device 'xc7a100t'
Running DRC as a precondition to command write_bitstream
INFO: [DRC 23-27] Running DRC with 2 threads
WARNING: [DRC 23-20] Rule violation (CFGBVS-1) Missing CFGBVS and CONFIG_VOLTAGE Design Properties - Neither the CFGBVS nor CONFIG_VOLTAGE voltage property is set in the current_design.  Configuration bank voltage select (CFGBVS) must be set to VCCO or GND, and CONFIG_VOLTAGE must be set to the correct configuration voltage, in order to determine the I/O voltage support for the pins in bank 0.  It is suggested to specify these either using the 'Edit Device Properties' function in the GUI or directly in the XDC file using the following syntax:

 set_property CFGBVS value1 [current_design]
 #where value1 is either VCCO or GND

 set_property CONFIG_VOLTAGE value2 [current_design]
 #where value2 is the voltage provided to configuration bank 0

Refer to the device configuration user guide for more information.
INFO: [Vivado 12-3199] DRC finished with 0 Errors, 1 Warnings
INFO: [Vivado 12-3200] Please refer to the DRC report (report_drc) for more information.
Loading data files...
Loading site data...
Loading route data...
Processing options...
Creating bitmap...
Creating bitstream...
Writing bitstream ./LogicAnalyzer.bit...
INFO: [Vivado 12-1842] Bitgen Completed Successfully.
INFO: [Project 1-120] WebTalk data collection is mandatory when using a WebPACK part without a full Vivado license. To see the specific WebTalk data collected for your design, open the usage_statistics_webtalk.html or usage_statistics_webtalk.xml file in the implementation directory.
INFO: [Common 17-83] Releasing license: Implementation
63 Infos, 3 Warnings, 0 Critical Warnings and 0 Errors encountered.
write_bitstream completed successfully
write_bitstream: Time (s): cpu = 00:00:26 ; elapsed = 00:00:44 . Memory (MB): peak = 1535.992 ; gain = 364.035
INFO: [Vivado_Tcl 4-395] Unable to parse hwdef file LogicAnalyzer.hwdef
INFO: [Common 17-206] Exiting Vivado at Fri Dec 08 20:36:47 2017...
