Exception at PC 0x000007FEFCED965D
Exception at PC 0x000007FEFCED965D
Exception at PC 0x000007FEFCED965D
Exception at PC 0x000007FEFCED965D
Unable to capture context for thread 1200 in process 6068, can not generate back trace
Exception at PC 0x000007FEFCED965D
Unable to capture context for thread 1200 in process 6068, can not generate back trace
Unable to capture context for thread 3160 in process 6068, can not generate back trace
Exception at PC 0x000007FEE155BB93
Printing stacktrace...

Unable to capture context for thread 7016 in process 6068, can not generate back trace
Exception at PC 0x000007FEFCED965D
Exception at PC 0x000007FEFCED965D
Exception at PC 0x000007FEFCED965D
Exception at PC 0x000007FEFCED965D
Exception at PC 0x000007FEFCED965D
Exception at PC 0x000007FEFCED965D
Exception at PC 0x000007FEFCED965D
Exception at PC 0x000007FEFCED965D
Exception at PC 0x000007FEFCED965D
[0]  [0x000007FEE155BB93]
[1]  [0x000007FEE155BB93]
[2]  [0x000007FEE155B4A1]
[3]  [0x000007FEE155B3EF]
[4]  [0x000007FEE15419FE]
[5]  [0x000007FEE1540ED1]
[6]  [0x000007FEE1540D76]
[7]  [0x000007FEE14E79F6]
[8]  [0x000007FEE14D7AFB]
[9]  [0x000007FEE15FE90A]
[10]  [0x000007FEE1619F87]
[11]  [0x000007FEE161A05F]
[12] (BaseThreadInitThunk+0xd) [0x0000000076F259ED]
[13] (RtlUserThreadStart+0x21) [0x000000007715B371]
Done
Exception at PC 0x000007FEFCED965D
Exception at PC 0x000007FEFCED965D
Exception at PC 0x000007FEFCED965D
